********************************************************************************
product = WebSphere Application Server 2016.3.0.0 (wlp-1.0.12.20160305-0200)
wlp.install.dir = /home/vcap/app/.liberty/
server.config.dir = /home/vcap/app/wlp/usr/servers/defaultServer/
java.home = /home/vcap/app/.java/jre
java.version = 1.8.0
java.runtime = Java(TM) SE Runtime Environment (pxa6480sr2fp12-20160221_01 (SR2 FP12))
os = Linux (4.4.0-75-generic; amd64) (en_US)
process = 56@ba4a0d0f-50d1-4b82-43b7-7b3b
********************************************************************************
[1/9/18 14:28:02:083 UTC] 00000001 com.ibm.ws.kernel.launch.internal.FrameworkManager           I CWWKE0002I: The kernel started after 22.205 seconds
[1/9/18 14:28:03:859 UTC] 00000022 com.ibm.ws.kernel.feature.internal.FeatureManager            I CWWKF0007I: Feature update started.
[1/9/18 14:28:32:922 UTC] 00000027 com.ibm.ws.tcpchannel.internal.TCPChannel                    I CWWKO0219I: TCP Channel defaultHttpEndpoint has been started and is now listening for requests on host *  (IPv4) port 8081.
[1/9/18 14:28:35:913 UTC] 00000019 com.ibm.ws.cloudoe.management.client.CloudApplication        E CWSCX0121E: Unable to parse VCAP_APPLICATION, the value is: {"application_id":"aceaa18a-73a7-419b-b519-7c3c77120e48","application_name":"personality-insights-java","application_uris":["liberty-personalityis.bmxnp.appl.kp.org"],"application_version":"4ebeaeb3-995b-4c0a-9e80-67901fc64cbe","cf_api":"https://api.kpsj001.us-west.bluemix.net","host":"0.0.0.0","instance_id":"ba4a0d0f-50d1-4b82-43b7-7b3b","instance_index":0,"limits":{"disk":1024,"fds":16384,"mem":512},"name":"personality-insights-java","port":8080,"space_id":"8d85f62c-ba4f-4906-9d89-cb37bffe9b23","space_name":"TESTBED-1","uris":["liberty-personalityis.bmxnp.appl.kp.org"],"version":"4ebeaeb3-995b-4c0a-9e80-67901fc64cbe"}
java.lang.NullPointerException
	at com.ibm.ws.cloudoe.management.client.CloudApplication.initialize(CloudApplication.java:79)
	at com.ibm.ws.cloudoe.management.client.CloudApplication.<init>(CloudApplication.java:60)
	at com.ibm.ws.cloudoe.management.client.CloudApplication.<clinit>(CloudApplication.java:32)
	at com.ibm.ws.cloudoe.management.client.provider.BaseManagedBean.<init>(BaseManagedBean.java:29)
	at com.ibm.ws.cloudoe.management.client.provider.dump.JavaDumpManagedBean.<init>(JavaDumpManagedBean.java:81)
	at com.ibm.ws.cloudoe.management.client.provider.dump.JavaDumpBeanProvider.<init>(JavaDumpBeanProvider.java:43)
	at java.lang.J9VMInternals.newInstanceImpl(Native Method)
	at java.lang.Class.newInstance(Unknown Source)
	at org.apache.felix.scr.impl.manager.SingleComponentManager.createImplementationObject(SingleComponentManager.java:241)
	at org.apache.felix.scr.impl.manager.SingleComponentManager.createComponent(SingleComponentManager.java:113)
	at org.apache.felix.scr.impl.manager.SingleComponentManager.getService(SingleComponentManager.java:883)
	at org.apache.felix.scr.impl.manager.SingleComponentManager.getServiceInternal(SingleComponentManager.java:850)
	at org.apache.felix.scr.impl.manager.SingleComponentManager.getService(SingleComponentManager.java:791)
	at org.eclipse.osgi.internal.serviceregistry.ServiceFactoryUse$1.run(ServiceFactoryUse.java:212)
	at java.security.AccessController.doPrivileged(Unknown Source)
	at org.eclipse.osgi.internal.serviceregistry.ServiceFactoryUse.factoryGetService(ServiceFactoryUse.java:210)
	at org.eclipse.osgi.internal.serviceregistry.ServiceFactoryUse.getService(ServiceFactoryUse.java:111)
	at org.eclipse.osgi.internal.serviceregistry.ServiceConsumer$2.getService(ServiceConsumer.java:45)
	at org.eclipse.osgi.internal.serviceregistry.ServiceRegistrationImpl.getService(ServiceRegistrationImpl.java:496)
	at org.eclipse.osgi.internal.serviceregistry.ServiceRegistry.getService(ServiceRegistry.java:461)
	at org.eclipse.osgi.internal.framework.BundleContextImpl.getService(BundleContextImpl.java:619)
	at org.apache.felix.scr.impl.manager.SingleRefPair.getServiceObject(SingleRefPair.java:72)
	at org.apache.felix.scr.impl.helper.BindMethod.getServiceObject(BindMethod.java:646)
	at org.apache.felix.scr.impl.manager.DependencyManager.getServiceObject(DependencyManager.java:2137)
	at org.apache.felix.scr.impl.manager.DependencyManager.doInvokeBindMethod(DependencyManager.java:1651)
	at org.apache.felix.scr.impl.manager.DependencyManager.invokeBindMethod(DependencyManager.java:1636)
	at org.apache.felix.scr.impl.manager.SingleComponentManager.invokeBindMethod(SingleComponentManager.java:370)
	at org.apache.felix.scr.impl.manager.DependencyManager$MultipleDynamicCustomizer.addedService(DependencyManager.java:319)
	at org.apache.felix.scr.impl.manager.DependencyManager$MultipleDynamicCustomizer.addedService(DependencyManager.java:295)
	at org.apache.felix.scr.impl.manager.ServiceTracker$Tracked.customizerAdded(ServiceTracker.java:1215)
	at org.apache.felix.scr.impl.manager.ServiceTracker$Tracked.customizerAdded(ServiceTracker.java:1136)
	at org.apache.felix.scr.impl.manager.ServiceTracker$AbstractTracked.trackAdding(ServiceTracker.java:945)
	at org.apache.felix.scr.impl.manager.ServiceTracker$AbstractTracked.track(ServiceTracker.java:881)
	at org.apache.felix.scr.impl.manager.ServiceTracker$Tracked.serviceChanged(ServiceTracker.java:1167)
	at org.apache.felix.scr.impl.BundleComponentActivator$ListenerInfo.serviceChanged(BundleComponentActivator.java:124)
	at org.eclipse.osgi.internal.serviceregistry.FilteredServiceListener.serviceChanged(FilteredServiceListener.java:109)
	at org.eclipse.osgi.internal.framework.BundleContextImpl.dispatchEvent(BundleContextImpl.java:915)
	at org.eclipse.osgi.framework.eventmgr.EventManager.dispatchEvent(EventManager.java:230)
	at org.eclipse.osgi.framework.eventmgr.ListenerQueue.dispatchEventSynchronous(ListenerQueue.java:148)
	at org.eclipse.osgi.internal.serviceregistry.ServiceRegistry.publishServiceEventPrivileged(ServiceRegistry.java:862)
	at org.eclipse.osgi.internal.serviceregistry.ServiceRegistry.publishServiceEvent(ServiceRegistry.java:801)
	at org.eclipse.osgi.internal.serviceregistry.ServiceRegistrationImpl.register(ServiceRegistrationImpl.java:127)
	at org.eclipse.osgi.internal.serviceregistry.ServiceRegistry.registerService(ServiceRegistry.java:225)
	at org.eclipse.osgi.internal.framework.BundleContextImpl.registerService(BundleContextImpl.java:464)
	at org.apache.felix.scr.impl.manager.AbstractComponentManager$3.register(AbstractComponentManager.java:869)
	at org.apache.felix.scr.impl.manager.AbstractComponentManager$3.register(AbstractComponentManager.java:857)
	at org.apache.felix.scr.impl.manager.RegistrationManager.changeRegistration(RegistrationManager.java:132)
	at org.apache.felix.scr.impl.manager.AbstractComponentManager.registerService(AbstractComponentManager.java:921)
	at org.apache.felix.scr.impl.manager.AbstractComponentManager.activateInternal(AbstractComponentManager.java:715)
	at org.apache.felix.scr.impl.manager.AbstractComponentManager.enable(AbstractComponentManager.java:399)
	at org.apache.felix.scr.impl.config.ConfigurableComponentHolder.enableComponents(ConfigurableComponentHolder.java:657)
	at org.apache.felix.scr.impl.BundleComponentActivator.initialEnable(BundleComponentActivator.java:353)
	at org.apache.felix.scr.impl.Activator.loadComponents(Activator.java:370)
	at org.apache.felix.scr.impl.Activator.access$000(Activator.java:53)
	at org.apache.felix.scr.impl.Activator$ScrExtension.start(Activator.java:270)
	at org.apache.felix.utils.extender.AbstractExtender.createExtension(AbstractExtender.java:259)
	at org.apache.felix.utils.extender.AbstractExtender.modifiedBundle(AbstractExtender.java:232)
	at org.osgi.util.tracker.BundleTracker$Tracked.customizerModified(BundleTracker.java:482)
	at org.osgi.util.tracker.BundleTracker$Tracked.customizerModified(BundleTracker.java:1)
	at org.osgi.util.tracker.AbstractTracked.track(AbstractTracked.java:232)
	at org.osgi.util.tracker.BundleTracker$Tracked.bundleChanged(BundleTracker.java:444)
	at org.eclipse.osgi.internal.framework.BundleContextImpl.dispatchEvent(BundleContextImpl.java:903)
	at org.eclipse.osgi.framework.eventmgr.EventManager.dispatchEvent(EventManager.java:230)
	at org.eclipse.osgi.framework.eventmgr.ListenerQueue.dispatchEventSynchronous(ListenerQueue.java:148)
	at org.eclipse.osgi.internal.framework.EquinoxEventPublisher.publishBundleEventPrivileged(EquinoxEventPublisher.java:213)
	at org.eclipse.osgi.internal.framework.EquinoxEventPublisher.publishBundleEvent(EquinoxEventPublisher.java:120)
	at org.eclipse.osgi.internal.framework.EquinoxEventPublisher.publishBundleEvent(EquinoxEventPublisher.java:112)
	at org.eclipse.osgi.internal.framework.EquinoxContainerAdaptor.publishModuleEvent(EquinoxContainerAdaptor.java:156)
	at org.eclipse.osgi.container.Module.publishEvent(Module.java:476)
	at org.eclipse.osgi.container.Module.start(Module.java:467)
	at org.eclipse.osgi.container.ModuleContainer$ContainerStartLevel.incStartLevel(ModuleContainer.java:1614)
	at org.eclipse.osgi.container.ModuleContainer$ContainerStartLevel.incStartLevel(ModuleContainer.java:1594)
	at org.eclipse.osgi.container.ModuleContainer$ContainerStartLevel.doContainerStartLevel(ModuleContainer.java:1565)
	at org.eclipse.osgi.container.ModuleContainer$ContainerStartLevel.dispatchEvent(ModuleContainer.java:1508)
	at org.eclipse.osgi.container.ModuleContainer$ContainerStartLevel.dispatchEvent(ModuleContainer.java:1)
	at org.eclipse.osgi.framework.eventmgr.EventManager.dispatchEvent(EventManager.java:230)
	at org.eclipse.osgi.framework.eventmgr.EventManager$EventThread.run(EventManager.java:340)

[1/9/18 14:28:36:053 UTC] 00000019 .management.client.service.internal.ManagedBeanContainerImpl I CWSCX0122I: Register management Bean provider: com.ibm.ws.cloudoe.management.client.provider.dump.JavaDumpBeanProvider@9282c984.
[1/9/18 14:28:36:092 UTC] 00000019 .management.client.service.internal.ManagedBeanContainerImpl I CWSCX0122I: Register management Bean provider: com.ibm.ws.cloudoe.management.client.provider.logging.LibertyLoggingBeanProvider@f586a3c.
[1/9/18 14:28:43:463 UTC] 00000029 com.ibm.ws.app.manager.AppMessageHelper                      I CWWKZ0018I: Starting application myapp.
[1/9/18 14:28:44:829 UTC] 00000026 com.ibm.ws.webcontainer.osgi.webapp.WebGroup                 I SRVE0169I: Loading Web Module: com.ibm.ws.cloudoe.management.client.liberty.connector.
[1/9/18 14:28:44:840 UTC] 00000026 com.ibm.ws.webcontainer                                      I SRVE0250I: Web Module com.ibm.ws.cloudoe.management.client.liberty.connector has been bound to default_host.
[1/9/18 14:28:44:859 UTC] 00000026 com.ibm.ws.http.internal.VirtualHostImpl                     A CWWKT0016I: Web application available (default_host): http://ba4a0d0f-50d1-4b82-43b7-7b3b:8081/IBMMGMTRest/
[1/9/18 14:28:50:949 UTC] 00000026 com.ibm.ws.session.WASSessionCore                            I SESN8501I: The session manager did not find a persistent storage location; HttpSession objects will be stored in the local application server's memory.
[1/9/18 14:28:50:958 UTC] 00000026 com.ibm.ws.session.WASSessionCore                            I SESN0176I: A new session context will be created for application key default_host/IBMMGMTRest
[1/9/18 14:28:50:982 UTC] 00000026 com.ibm.ws.util                                              I SESN0172I: The session manager is using the Java default SecureRandom implementation for session ID generation.
[1/9/18 14:28:51:186 UTC] 00000026 com.ibm.ws.jsp                                               I JSPG8502I: The value of the JSP attribute jdkSourceLevel is "15".
[1/9/18 14:28:52:767 UTC] 00000029 org.jboss.weld.Version                                       I WELD-000900: SNAPSHOT
[1/9/18 14:28:54:301 UTC] 00000029 com.ibm.ws.webcontainer.osgi.webapp.WebGroup                 I SRVE0169I: Loading Web Module: Java Starter Application.
[1/9/18 14:28:54:310 UTC] 00000029 com.ibm.ws.webcontainer                                      I SRVE0250I: Web Module Java Starter Application has been bound to default_host.
[1/9/18 14:28:54:310 UTC] 00000029 com.ibm.ws.http.internal.VirtualHostImpl                     A CWWKT0016I: Web application available (default_host): http://ba4a0d0f-50d1-4b82-43b7-7b3b:8081/
[1/9/18 14:28:54:322 UTC] 00000029 com.ibm.ws.app.manager.AppMessageHelper                      A CWWKZ0001I: Application myapp started in 10.859 seconds.
[1/9/18 14:28:54:489 UTC] 00000022 com.ibm.ws.kernel.feature.internal.FeatureManager            A CWWKF0012I: The server installed the following features: [jsp-2.3, ejbLite-3.2, managedBeans-1.0, jsf-2.2, servlet-3.1, beanValidation-1.1, jndi-1.0, jsonp-1.0, jdbc-4.1, icap:managementConnector-1.0, jaxrs-2.0, jaxrsClient-2.0, el-3.0, json-1.0, cdi-1.2, websocket-1.1, appState-1.0, jpa-2.1].
[1/9/18 14:28:54:501 UTC] 00000022 com.ibm.ws.kernel.feature.internal.FeatureManager            I CWWKF0008I: Feature update completed in 52.323 seconds.
[1/9/18 14:28:54:503 UTC] 00000022 com.ibm.ws.kernel.feature.internal.FeatureManager            A CWWKF0011I: The server defaultServer is ready to run a smarter planet.
[1/9/18 14:28:55:623 UTC] 00000026 om.ibm.ws.cloudoe.management.client.connector.Configurations I CWSCX0161I: The property management_server_url is configured with https://rtmgmt.kpsj001.us-west.bluemix.net.
[1/9/18 14:28:55:631 UTC] 00000026 om.ibm.ws.cloudoe.management.client.connector.Configurations I CWSCX0162I: The property management_server_tokenValidationURL is detected as https://rtmgmt.kpsj001.us-west.bluemix.net/rest/token/v1/check_token.
[1/9/18 14:28:55:650 UTC] 00000026 com.ibm.ws.webcontainer.servlet                              I SRVE0242I: [com.ibm.ws.cloudoe.management.client.liberty.connector] [/IBMMGMTRest] [ManagmentClientServlet]: Initialization successful.
[1/9/18 14:28:57:298 UTC] 00000026 m.ibm.ws.cloudoe.management.client.connector.BaseRestHandler E CWSCX0154E: An internal exception occurred during validate token 5b893b7c-c084-433b-b909-039dec817074, the error message is: Remote host closed connection during handshake.
[1/9/18 14:28:57:311 UTC] 00000026 ment.client.connector.handler.PostMBeanInvocationRestHandler E CWSCX0150E: An internal exception occurred during handle request URL /IBMMGMTRest/rest/mbeans/trace-LibertyTrace/operations/getTraceSpecification, the error message is: CWSCX0154E: An internal exception occurred during validate token 5b893b7c-c084-433b-b909-039dec817074, the error message is: Remote host closed connection during handshake..
com.ibm.ws.cloudoe.management.client.connector.TokenValidationException: CWSCX0154E: An internal exception occurred during validate token 5b893b7c-c084-433b-b909-039dec817074, the error message is: Remote host closed connection during handshake.
	at com.ibm.ws.cloudoe.management.client.connector.BaseRestHandler.validateRequestToken(BaseRestHandler.java:110)
	at com.ibm.ws.cloudoe.management.client.connector.handler.PostMBeanInvocationRestHandler.handle(PostMBeanInvocationRestHandler.java:58)
	at com.ibm.ws.cloudoe.management.client.connector.internal.RestHandlerContainerImpl.handle(RestHandlerContainerImpl.java:48)
	at com.ibm.ws.cloudoe.management.client.connector.LibertyManagementClientServlet.doPost(LibertyManagementClientServlet.java:49)
	at javax.servlet.http.HttpServlet.service(HttpServlet.java:707)
	at javax.servlet.http.HttpServlet.service(HttpServlet.java:790)
	at com.ibm.ws.webcontainer.servlet.ServletWrapper.service(ServletWrapper.java:1290)
	at com.ibm.ws.webcontainer.servlet.ServletWrapper.handleRequest(ServletWrapper.java:778)
	at com.ibm.ws.webcontainer.servlet.ServletWrapper.handleRequest(ServletWrapper.java:475)
	at com.ibm.ws.webcontainer.filter.WebAppFilterChain.invokeTarget(WebAppFilterChain.java:148)
	at com.ibm.ws.webcontainer.filter.WebAppFilterChain.doFilter(WebAppFilterChain.java:94)
	at com.ibm.ws.app.manager.wab.internal.OsgiDirectoryProtectionFilter.doFilter(OsgiDirectoryProtectionFilter.java:101)
	at com.ibm.ws.webcontainer.filter.FilterInstanceWrapper.doFilter(FilterInstanceWrapper.java:207)
	at com.ibm.ws.webcontainer.filter.WebAppFilterChain.doFilter(WebAppFilterChain.java:91)
	at com.ibm.ws.webcontainer.filter.WebAppFilterManager.doFilter(WebAppFilterManager.java:1021)
	at com.ibm.ws.webcontainer.filter.WebAppFilterManager.invokeFilters(WebAppFilterManager.java:1143)
	at com.ibm.ws.webcontainer.webapp.WebApp.handleRequest(WebApp.java:4869)
	at com.ibm.ws.webcontainer31.osgi.webapp.WebApp31.handleRequest(WebApp31.java:525)
	at com.ibm.ws.webcontainer.osgi.DynamicVirtualHost$2.handleRequest(DynamicVirtualHost.java:297)
	at com.ibm.ws.webcontainer.WebContainer.handleRequest(WebContainer.java:997)
	at com.ibm.ws.webcontainer.osgi.DynamicVirtualHost$2.run(DynamicVirtualHost.java:262)
	at com.ibm.ws.http.dispatcher.internal.channel.HttpDispatcherLink$TaskWrapper.run(HttpDispatcherLink.java:955)
	at com.ibm.ws.http.dispatcher.internal.channel.HttpDispatcherLink.ready(HttpDispatcherLink.java:341)
	at com.ibm.ws.http.channel.internal.inbound.HttpInboundLink.handleDiscrimination(HttpInboundLink.java:471)
	at com.ibm.ws.http.channel.internal.inbound.HttpInboundLink.handleNewRequest(HttpInboundLink.java:405)
	at com.ibm.ws.http.channel.internal.inbound.HttpInboundLink.processRequest(HttpInboundLink.java:285)
	at com.ibm.ws.http.channel.internal.inbound.HttpInboundLink.ready(HttpInboundLink.java:256)
	at com.ibm.ws.tcpchannel.internal.NewConnectionInitialReadCallback.sendToDiscriminators(NewConnectionInitialReadCallback.java:174)
	at com.ibm.ws.tcpchannel.internal.NewConnectionInitialReadCallback.complete(NewConnectionInitialReadCallback.java:83)
	at com.ibm.ws.tcpchannel.internal.WorkQueueManager.requestComplete(WorkQueueManager.java:504)
	at com.ibm.ws.tcpchannel.internal.WorkQueueManager.attemptIO(WorkQueueManager.java:574)
	at com.ibm.ws.tcpchannel.internal.WorkQueueManager.workerRun(WorkQueueManager.java:929)
	at com.ibm.ws.tcpchannel.internal.WorkQueueManager$Worker.run(WorkQueueManager.java:1018)
	at java.util.concurrent.ThreadPoolExecutor.runWorker(Unknown Source)
	at java.util.concurrent.ThreadPoolExecutor$Worker.run(Unknown Source)
	at java.lang.Thread.run(Unknown Source)
Caused by: javax.net.ssl.SSLHandshakeException: Remote host closed connection during handshake
	at com.ibm.jsse2.as.a(Unknown Source)
	at com.ibm.jsse2.as.i(Unknown Source)
	at com.ibm.jsse2.as.a(Unknown Source)
	at com.ibm.jsse2.as.startHandshake(Unknown Source)
	at org.apache.http.conn.ssl.SSLConnectionSocketFactory.createLayeredSocket(SSLConnectionSocketFactory.java:280)
	at org.apache.http.conn.ssl.SSLConnectionSocketFactory.connectSocket(SSLConnectionSocketFactory.java:265)
	at org.apache.http.impl.conn.HttpClientConnectionOperator.connect(HttpClientConnectionOperator.java:118)
	at org.apache.http.impl.conn.PoolingHttpClientConnectionManager.connect(PoolingHttpClientConnectionManager.java:314)
	at org.apache.http.impl.execchain.MainClientExec.establishRoute(MainClientExec.java:357)
	at org.apache.http.impl.execchain.MainClientExec.execute(MainClientExec.java:218)
	at org.apache.http.impl.execchain.ProtocolExec.execute(ProtocolExec.java:194)
	at org.apache.http.impl.execchain.RetryExec.execute(RetryExec.java:85)
	at org.apache.http.impl.execchain.RedirectExec.execute(RedirectExec.java:108)
	at org.apache.http.impl.client.InternalHttpClient.doExecute(InternalHttpClient.java:186)
	at org.apache.http.impl.client.CloseableHttpClient.execute(CloseableHttpClient.java:82)
	at org.apache.http.impl.client.CloseableHttpClient.execute(CloseableHttpClient.java:106)
	at com.ibm.ws.cloudoe.management.client.connector.BaseRestHandler.validateRequestToken(BaseRestHandler.java:98)
	... 35 more
Caused by: java.io.EOFException: SSL peer shut down incorrectly
	at com.ibm.jsse2.a.a(Unknown Source)
	... 52 more

[1/9/18 14:29:38:947 UTC] 00000034 m.ibm.ws.cloudoe.management.client.connector.BaseRestHandler E CWSCX0154E: An internal exception occurred during validate token 54f5892f-5e60-4856-978f-2ad5e4cec3cd, the error message is: Remote host closed connection during handshake.
[1/9/18 14:29:38:951 UTC] 00000034 ment.client.connector.handler.PostMBeanInvocationRestHandler E CWSCX0150E: An internal exception occurred during handle request URL /IBMMGMTRest/rest/mbeans/trace-LibertyTrace/operations/getTraceSpecification, the error message is: CWSCX0154E: An internal exception occurred during validate token 54f5892f-5e60-4856-978f-2ad5e4cec3cd, the error message is: Remote host closed connection during handshake..
com.ibm.ws.cloudoe.management.client.connector.TokenValidationException: CWSCX0154E: An internal exception occurred during validate token 54f5892f-5e60-4856-978f-2ad5e4cec3cd, the error message is: Remote host closed connection during handshake.
	at com.ibm.ws.cloudoe.management.client.connector.BaseRestHandler.validateRequestToken(BaseRestHandler.java:110)
	at com.ibm.ws.cloudoe.management.client.connector.handler.PostMBeanInvocationRestHandler.handle(PostMBeanInvocationRestHandler.java:58)
	at com.ibm.ws.cloudoe.management.client.connector.internal.RestHandlerContainerImpl.handle(RestHandlerContainerImpl.java:48)
	at com.ibm.ws.cloudoe.management.client.connector.LibertyManagementClientServlet.doPost(LibertyManagementClientServlet.java:49)
	at javax.servlet.http.HttpServlet.service(HttpServlet.java:707)
	at javax.servlet.http.HttpServlet.service(HttpServlet.java:790)
	at com.ibm.ws.webcontainer.servlet.ServletWrapper.service(ServletWrapper.java:1290)
	at com.ibm.ws.webcontainer.servlet.ServletWrapper.handleRequest(ServletWrapper.java:778)
	at com.ibm.ws.webcontainer.servlet.ServletWrapper.handleRequest(ServletWrapper.java:475)
	at com.ibm.ws.webcontainer.filter.WebAppFilterChain.invokeTarget(WebAppFilterChain.java:148)
	at com.ibm.ws.webcontainer.filter.WebAppFilterChain.doFilter(WebAppFilterChain.java:94)
	at com.ibm.ws.app.manager.wab.internal.OsgiDirectoryProtectionFilter.doFilter(OsgiDirectoryProtectionFilter.java:101)
	at com.ibm.ws.webcontainer.filter.FilterInstanceWrapper.doFilter(FilterInstanceWrapper.java:207)
	at com.ibm.ws.webcontainer.filter.WebAppFilterChain.doFilter(WebAppFilterChain.java:91)
	at com.ibm.ws.webcontainer.filter.WebAppFilterManager.doFilter(WebAppFilterManager.java:1021)
	at com.ibm.ws.webcontainer.filter.WebAppFilterManager.invokeFilters(WebAppFilterManager.java:1143)
	at com.ibm.ws.webcontainer.servlet.CacheServletWrapper.handleRequest(CacheServletWrapper.java:82)
	at com.ibm.ws.webcontainer.WebContainer.handleRequest(WebContainer.java:928)
	at com.ibm.ws.webcontainer.osgi.DynamicVirtualHost$2.run(DynamicVirtualHost.java:262)
	at com.ibm.ws.http.dispatcher.internal.channel.HttpDispatcherLink$TaskWrapper.run(HttpDispatcherLink.java:955)
	at com.ibm.ws.http.dispatcher.internal.channel.HttpDispatcherLink.ready(HttpDispatcherLink.java:341)
	at com.ibm.ws.http.channel.internal.inbound.HttpInboundLink.handleDiscrimination(HttpInboundLink.java:471)
	at com.ibm.ws.http.channel.internal.inbound.HttpInboundLink.handleNewRequest(HttpInboundLink.java:405)
	at com.ibm.ws.http.channel.internal.inbound.HttpInboundLink.processRequest(HttpInboundLink.java:285)
	at com.ibm.ws.http.channel.internal.inbound.HttpInboundLink.ready(HttpInboundLink.java:256)
	at com.ibm.ws.tcpchannel.internal.NewConnectionInitialReadCallback.sendToDiscriminators(NewConnectionInitialReadCallback.java:174)
	at com.ibm.ws.tcpchannel.internal.NewConnectionInitialReadCallback.complete(NewConnectionInitialReadCallback.java:83)
	at com.ibm.ws.tcpchannel.internal.WorkQueueManager.requestComplete(WorkQueueManager.java:504)
	at com.ibm.ws.tcpchannel.internal.WorkQueueManager.attemptIO(WorkQueueManager.java:574)
	at com.ibm.ws.tcpchannel.internal.WorkQueueManager.workerRun(WorkQueueManager.java:929)
	at com.ibm.ws.tcpchannel.internal.WorkQueueManager$Worker.run(WorkQueueManager.java:1018)
	at java.util.concurrent.ThreadPoolExecutor.runWorker(Unknown Source)
	at java.util.concurrent.ThreadPoolExecutor$Worker.run(Unknown Source)
	at java.lang.Thread.run(Unknown Source)
Caused by: javax.net.ssl.SSLHandshakeException: Remote host closed connection during handshake
	at com.ibm.jsse2.as.a(Unknown Source)
	at com.ibm.jsse2.as.i(Unknown Source)
	at com.ibm.jsse2.as.a(Unknown Source)
	at com.ibm.jsse2.as.startHandshake(Unknown Source)
	at org.apache.http.conn.ssl.SSLConnectionSocketFactory.createLayeredSocket(SSLConnectionSocketFactory.java:280)
	at org.apache.http.conn.ssl.SSLConnectionSocketFactory.connectSocket(SSLConnectionSocketFactory.java:265)
	at org.apache.http.impl.conn.HttpClientConnectionOperator.connect(HttpClientConnectionOperator.java:118)
	at org.apache.http.impl.conn.PoolingHttpClientConnectionManager.connect(PoolingHttpClientConnectionManager.java:314)
	at org.apache.http.impl.execchain.MainClientExec.establishRoute(MainClientExec.java:357)
	at org.apache.http.impl.execchain.MainClientExec.execute(MainClientExec.java:218)
	at org.apache.http.impl.execchain.ProtocolExec.execute(ProtocolExec.java:194)
	at org.apache.http.impl.execchain.RetryExec.execute(RetryExec.java:85)
	at org.apache.http.impl.execchain.RedirectExec.execute(RedirectExec.java:108)
	at org.apache.http.impl.client.InternalHttpClient.doExecute(InternalHttpClient.java:186)
	at org.apache.http.impl.client.CloseableHttpClient.execute(CloseableHttpClient.java:82)
	at org.apache.http.impl.client.CloseableHttpClient.execute(CloseableHttpClient.java:106)
	at com.ibm.ws.cloudoe.management.client.connector.BaseRestHandler.validateRequestToken(BaseRestHandler.java:98)
	... 33 more
Caused by: java.io.EOFException: SSL peer shut down incorrectly
	at com.ibm.jsse2.a.a(Unknown Source)
	... 50 more

[1/9/18 14:42:11:984 UTC] 000000b5 m.ibm.ws.cloudoe.management.client.connector.BaseRestHandler E CWSCX0154E: An internal exception occurred during validate token aa0342b2-16e7-4711-a3be-9bf13f9e5ced, the error message is: Remote host closed connection during handshake.
[1/9/18 14:42:11:985 UTC] 000000b5 ment.client.connector.handler.PostMBeanInvocationRestHandler E CWSCX0150E: An internal exception occurred during handle request URL /IBMMGMTRest/rest/mbeans/trace-LibertyTrace/operations/getTraceSpecification, the error message is: CWSCX0154E: An internal exception occurred during validate token aa0342b2-16e7-4711-a3be-9bf13f9e5ced, the error message is: Remote host closed connection during handshake..
com.ibm.ws.cloudoe.management.client.connector.TokenValidationException: CWSCX0154E: An internal exception occurred during validate token aa0342b2-16e7-4711-a3be-9bf13f9e5ced, the error message is: Remote host closed connection during handshake.
	at com.ibm.ws.cloudoe.management.client.connector.BaseRestHandler.validateRequestToken(BaseRestHandler.java:110)
	at com.ibm.ws.cloudoe.management.client.connector.handler.PostMBeanInvocationRestHandler.handle(PostMBeanInvocationRestHandler.java:58)
	at com.ibm.ws.cloudoe.management.client.connector.internal.RestHandlerContainerImpl.handle(RestHandlerContainerImpl.java:48)
	at com.ibm.ws.cloudoe.management.client.connector.LibertyManagementClientServlet.doPost(LibertyManagementClientServlet.java:49)
	at javax.servlet.http.HttpServlet.service(HttpServlet.java:707)
	at javax.servlet.http.HttpServlet.service(HttpServlet.java:790)
	at com.ibm.ws.webcontainer.servlet.ServletWrapper.service(ServletWrapper.java:1290)
	at com.ibm.ws.webcontainer.servlet.ServletWrapper.handleRequest(ServletWrapper.java:778)
	at com.ibm.ws.webcontainer.servlet.ServletWrapper.handleRequest(ServletWrapper.java:475)
	at com.ibm.ws.webcontainer.filter.WebAppFilterChain.invokeTarget(WebAppFilterChain.java:148)
	at com.ibm.ws.webcontainer.filter.WebAppFilterChain.doFilter(WebAppFilterChain.java:94)
	at com.ibm.ws.app.manager.wab.internal.OsgiDirectoryProtectionFilter.doFilter(OsgiDirectoryProtectionFilter.java:101)
	at com.ibm.ws.webcontainer.filter.FilterInstanceWrapper.doFilter(FilterInstanceWrapper.java:207)
	at com.ibm.ws.webcontainer.filter.WebAppFilterChain.doFilter(WebAppFilterChain.java:91)
	at com.ibm.ws.webcontainer.filter.WebAppFilterManager.doFilter(WebAppFilterManager.java:1021)
	at com.ibm.ws.webcontainer.filter.WebAppFilterManager.invokeFilters(WebAppFilterManager.java:1143)
	at com.ibm.ws.webcontainer.servlet.CacheServletWrapper.handleRequest(CacheServletWrapper.java:82)
	at com.ibm.ws.webcontainer.WebContainer.handleRequest(WebContainer.java:928)
	at com.ibm.ws.webcontainer.osgi.DynamicVirtualHost$2.run(DynamicVirtualHost.java:262)
	at com.ibm.ws.http.dispatcher.internal.channel.HttpDispatcherLink$TaskWrapper.run(HttpDispatcherLink.java:955)
	at com.ibm.ws.http.dispatcher.internal.channel.HttpDispatcherLink.ready(HttpDispatcherLink.java:341)
	at com.ibm.ws.http.channel.internal.inbound.HttpInboundLink.handleDiscrimination(HttpInboundLink.java:471)
	at com.ibm.ws.http.channel.internal.inbound.HttpInboundLink.handleNewRequest(HttpInboundLink.java:405)
	at com.ibm.ws.http.channel.internal.inbound.HttpInboundLink.processRequest(HttpInboundLink.java:285)
	at com.ibm.ws.http.channel.internal.inbound.HttpInboundLink.ready(HttpInboundLink.java:256)
	at com.ibm.ws.tcpchannel.internal.NewConnectionInitialReadCallback.sendToDiscriminators(NewConnectionInitialReadCallback.java:174)
	at com.ibm.ws.tcpchannel.internal.NewConnectionInitialReadCallback.complete(NewConnectionInitialReadCallback.java:83)
	at com.ibm.ws.tcpchannel.internal.WorkQueueManager.requestComplete(WorkQueueManager.java:504)
	at com.ibm.ws.tcpchannel.internal.WorkQueueManager.attemptIO(WorkQueueManager.java:574)
	at com.ibm.ws.tcpchannel.internal.WorkQueueManager.workerRun(WorkQueueManager.java:929)
	at com.ibm.ws.tcpchannel.internal.WorkQueueManager$Worker.run(WorkQueueManager.java:1018)
	at java.util.concurrent.ThreadPoolExecutor.runWorker(Unknown Source)
	at java.util.concurrent.ThreadPoolExecutor$Worker.run(Unknown Source)
	at java.lang.Thread.run(Unknown Source)
Caused by: javax.net.ssl.SSLHandshakeException: Remote host closed connection during handshake
	at com.ibm.jsse2.as.a(Unknown Source)
	at com.ibm.jsse2.as.i(Unknown Source)
	at com.ibm.jsse2.as.a(Unknown Source)
	at com.ibm.jsse2.as.startHandshake(Unknown Source)
	at org.apache.http.conn.ssl.SSLConnectionSocketFactory.createLayeredSocket(SSLConnectionSocketFactory.java:280)
	at org.apache.http.conn.ssl.SSLConnectionSocketFactory.connectSocket(SSLConnectionSocketFactory.java:265)
	at org.apache.http.impl.conn.HttpClientConnectionOperator.connect(HttpClientConnectionOperator.java:118)
	at org.apache.http.impl.conn.PoolingHttpClientConnectionManager.connect(PoolingHttpClientConnectionManager.java:314)
	at org.apache.http.impl.execchain.MainClientExec.establishRoute(MainClientExec.java:357)
	at org.apache.http.impl.execchain.MainClientExec.execute(MainClientExec.java:218)
	at org.apache.http.impl.execchain.ProtocolExec.execute(ProtocolExec.java:194)
	at org.apache.http.impl.execchain.RetryExec.execute(RetryExec.java:85)
	at org.apache.http.impl.execchain.RedirectExec.execute(RedirectExec.java:108)
	at org.apache.http.impl.client.InternalHttpClient.doExecute(InternalHttpClient.java:186)
	at org.apache.http.impl.client.CloseableHttpClient.execute(CloseableHttpClient.java:82)
	at org.apache.http.impl.client.CloseableHttpClient.execute(CloseableHttpClient.java:106)
	at com.ibm.ws.cloudoe.management.client.connector.BaseRestHandler.validateRequestToken(BaseRestHandler.java:98)
	... 33 more
Caused by: java.io.EOFException: SSL peer shut down incorrectly
	at com.ibm.jsse2.a.a(Unknown Source)
	... 50 more

[1/9/18 14:51:48:610 UTC] 00000133 m.ibm.ws.cloudoe.management.client.connector.BaseRestHandler E CWSCX0154E: An internal exception occurred during validate token ea625e38-0f68-44e9-a0e1-fcb9ad7d81a0, the error message is: Remote host closed connection during handshake.
[1/9/18 14:51:48:612 UTC] 00000133 ment.client.connector.handler.PostMBeanInvocationRestHandler E CWSCX0150E: An internal exception occurred during handle request URL /IBMMGMTRest/rest/mbeans/trace-LibertyTrace/operations/getTraceSpecification, the error message is: CWSCX0154E: An internal exception occurred during validate token ea625e38-0f68-44e9-a0e1-fcb9ad7d81a0, the error message is: Remote host closed connection during handshake..
com.ibm.ws.cloudoe.management.client.connector.TokenValidationException: CWSCX0154E: An internal exception occurred during validate token ea625e38-0f68-44e9-a0e1-fcb9ad7d81a0, the error message is: Remote host closed connection during handshake.
	at com.ibm.ws.cloudoe.management.client.connector.BaseRestHandler.validateRequestToken(BaseRestHandler.java:110)
	at com.ibm.ws.cloudoe.management.client.connector.handler.PostMBeanInvocationRestHandler.handle(PostMBeanInvocationRestHandler.java:58)
	at com.ibm.ws.cloudoe.management.client.connector.internal.RestHandlerContainerImpl.handle(RestHandlerContainerImpl.java:48)
	at com.ibm.ws.cloudoe.management.client.connector.LibertyManagementClientServlet.doPost(LibertyManagementClientServlet.java:49)
	at javax.servlet.http.HttpServlet.service(HttpServlet.java:707)
	at javax.servlet.http.HttpServlet.service(HttpServlet.java:790)
	at com.ibm.ws.webcontainer.servlet.ServletWrapper.service(ServletWrapper.java:1290)
	at com.ibm.ws.webcontainer.servlet.ServletWrapper.handleRequest(ServletWrapper.java:778)
	at com.ibm.ws.webcontainer.servlet.ServletWrapper.handleRequest(ServletWrapper.java:475)
	at com.ibm.ws.webcontainer.filter.WebAppFilterChain.invokeTarget(WebAppFilterChain.java:148)
	at com.ibm.ws.webcontainer.filter.WebAppFilterChain.doFilter(WebAppFilterChain.java:94)
	at com.ibm.ws.app.manager.wab.internal.OsgiDirectoryProtectionFilter.doFilter(OsgiDirectoryProtectionFilter.java:101)
	at com.ibm.ws.webcontainer.filter.FilterInstanceWrapper.doFilter(FilterInstanceWrapper.java:207)
	at com.ibm.ws.webcontainer.filter.WebAppFilterChain.doFilter(WebAppFilterChain.java:91)
	at com.ibm.ws.webcontainer.filter.WebAppFilterManager.doFilter(WebAppFilterManager.java:1021)
	at com.ibm.ws.webcontainer.filter.WebAppFilterManager.invokeFilters(WebAppFilterManager.java:1143)
	at com.ibm.ws.webcontainer.servlet.CacheServletWrapper.handleRequest(CacheServletWrapper.java:82)
	at com.ibm.ws.webcontainer.WebContainer.handleRequest(WebContainer.java:928)
	at com.ibm.ws.webcontainer.osgi.DynamicVirtualHost$2.run(DynamicVirtualHost.java:262)
	at com.ibm.ws.http.dispatcher.internal.channel.HttpDispatcherLink$TaskWrapper.run(HttpDispatcherLink.java:955)
	at com.ibm.ws.http.dispatcher.internal.channel.HttpDispatcherLink.ready(HttpDispatcherLink.java:341)
	at com.ibm.ws.http.channel.internal.inbound.HttpInboundLink.handleDiscrimination(HttpInboundLink.java:471)
	at com.ibm.ws.http.channel.internal.inbound.HttpInboundLink.handleNewRequest(HttpInboundLink.java:405)
	at com.ibm.ws.http.channel.internal.inbound.HttpInboundLink.processRequest(HttpInboundLink.java:285)
	at com.ibm.ws.http.channel.internal.inbound.HttpInboundLink.ready(HttpInboundLink.java:256)
	at com.ibm.ws.tcpchannel.internal.NewConnectionInitialReadCallback.sendToDiscriminators(NewConnectionInitialReadCallback.java:174)
	at com.ibm.ws.tcpchannel.internal.NewConnectionInitialReadCallback.complete(NewConnectionInitialReadCallback.java:83)
	at com.ibm.ws.tcpchannel.internal.WorkQueueManager.requestComplete(WorkQueueManager.java:504)
	at com.ibm.ws.tcpchannel.internal.WorkQueueManager.attemptIO(WorkQueueManager.java:574)
	at com.ibm.ws.tcpchannel.internal.WorkQueueManager.workerRun(WorkQueueManager.java:929)
	at com.ibm.ws.tcpchannel.internal.WorkQueueManager$Worker.run(WorkQueueManager.java:1018)
	at java.util.concurrent.ThreadPoolExecutor.runWorker(Unknown Source)
	at java.util.concurrent.ThreadPoolExecutor$Worker.run(Unknown Source)
	at java.lang.Thread.run(Unknown Source)
Caused by: javax.net.ssl.SSLHandshakeException: Remote host closed connection during handshake
	at com.ibm.jsse2.as.a(Unknown Source)
	at com.ibm.jsse2.as.i(Unknown Source)
	at com.ibm.jsse2.as.a(Unknown Source)
	at com.ibm.jsse2.as.startHandshake(Unknown Source)
	at org.apache.http.conn.ssl.SSLConnectionSocketFactory.createLayeredSocket(SSLConnectionSocketFactory.java:280)
	at org.apache.http.conn.ssl.SSLConnectionSocketFactory.connectSocket(SSLConnectionSocketFactory.java:265)
	at org.apache.http.impl.conn.HttpClientConnectionOperator.connect(HttpClientConnectionOperator.java:118)
	at org.apache.http.impl.conn.PoolingHttpClientConnectionManager.connect(PoolingHttpClientConnectionManager.java:314)
	at org.apache.http.impl.execchain.MainClientExec.establishRoute(MainClientExec.java:357)
	at org.apache.http.impl.execchain.MainClientExec.execute(MainClientExec.java:218)
	at org.apache.http.impl.execchain.ProtocolExec.execute(ProtocolExec.java:194)
	at org.apache.http.impl.execchain.RetryExec.execute(RetryExec.java:85)
	at org.apache.http.impl.execchain.RedirectExec.execute(RedirectExec.java:108)
	at org.apache.http.impl.client.InternalHttpClient.doExecute(InternalHttpClient.java:186)
	at org.apache.http.impl.client.CloseableHttpClient.execute(CloseableHttpClient.java:82)
	at org.apache.http.impl.client.CloseableHttpClient.execute(CloseableHttpClient.java:106)
	at com.ibm.ws.cloudoe.management.client.connector.BaseRestHandler.validateRequestToken(BaseRestHandler.java:98)
	... 33 more
Caused by: java.io.EOFException: SSL peer shut down incorrectly
	at com.ibm.jsse2.a.a(Unknown Source)
	... 50 more

[1/9/18 14:52:13:643 UTC] 00000135 m.ibm.ws.cloudoe.management.client.connector.BaseRestHandler E CWSCX0154E: An internal exception occurred during validate token 46474302-8558-41de-a2ae-f5d8341f2b2e, the error message is: Remote host closed connection during handshake.
[1/9/18 14:52:13:643 UTC] 00000135 ment.client.connector.handler.PostMBeanInvocationRestHandler E CWSCX0150E: An internal exception occurred during handle request URL /IBMMGMTRest/rest/mbeans/trace-LibertyTrace/operations/getTraceSpecification, the error message is: CWSCX0154E: An internal exception occurred during validate token 46474302-8558-41de-a2ae-f5d8341f2b2e, the error message is: Remote host closed connection during handshake..
com.ibm.ws.cloudoe.management.client.connector.TokenValidationException: CWSCX0154E: An internal exception occurred during validate token 46474302-8558-41de-a2ae-f5d8341f2b2e, the error message is: Remote host closed connection during handshake.
	at com.ibm.ws.cloudoe.management.client.connector.BaseRestHandler.validateRequestToken(BaseRestHandler.java:110)
	at com.ibm.ws.cloudoe.management.client.connector.handler.PostMBeanInvocationRestHandler.handle(PostMBeanInvocationRestHandler.java:58)
	at com.ibm.ws.cloudoe.management.client.connector.internal.RestHandlerContainerImpl.handle(RestHandlerContainerImpl.java:48)
	at com.ibm.ws.cloudoe.management.client.connector.LibertyManagementClientServlet.doPost(LibertyManagementClientServlet.java:49)
	at javax.servlet.http.HttpServlet.service(HttpServlet.java:707)
	at javax.servlet.http.HttpServlet.service(HttpServlet.java:790)
	at com.ibm.ws.webcontainer.servlet.ServletWrapper.service(ServletWrapper.java:1290)
	at com.ibm.ws.webcontainer.servlet.ServletWrapper.handleRequest(ServletWrapper.java:778)
	at com.ibm.ws.webcontainer.servlet.ServletWrapper.handleRequest(ServletWrapper.java:475)
	at com.ibm.ws.webcontainer.filter.WebAppFilterChain.invokeTarget(WebAppFilterChain.java:148)
	at com.ibm.ws.webcontainer.filter.WebAppFilterChain.doFilter(WebAppFilterChain.java:94)
	at com.ibm.ws.app.manager.wab.internal.OsgiDirectoryProtectionFilter.doFilter(OsgiDirectoryProtectionFilter.java:101)
	at com.ibm.ws.webcontainer.filter.FilterInstanceWrapper.doFilter(FilterInstanceWrapper.java:207)
	at com.ibm.ws.webcontainer.filter.WebAppFilterChain.doFilter(WebAppFilterChain.java:91)
	at com.ibm.ws.webcontainer.filter.WebAppFilterManager.doFilter(WebAppFilterManager.java:1021)
	at com.ibm.ws.webcontainer.filter.WebAppFilterManager.invokeFilters(WebAppFilterManager.java:1143)
	at com.ibm.ws.webcontainer.servlet.CacheServletWrapper.handleRequest(CacheServletWrapper.java:82)
	at com.ibm.ws.webcontainer.WebContainer.handleRequest(WebContainer.java:928)
	at com.ibm.ws.webcontainer.osgi.DynamicVirtualHost$2.run(DynamicVirtualHost.java:262)
	at com.ibm.ws.http.dispatcher.internal.channel.HttpDispatcherLink$TaskWrapper.run(HttpDispatcherLink.java:955)
	at com.ibm.ws.http.dispatcher.internal.channel.HttpDispatcherLink.ready(HttpDispatcherLink.java:341)
	at com.ibm.ws.http.channel.internal.inbound.HttpInboundLink.handleDiscrimination(HttpInboundLink.java:471)
	at com.ibm.ws.http.channel.internal.inbound.HttpInboundLink.handleNewRequest(HttpInboundLink.java:405)
	at com.ibm.ws.http.channel.internal.inbound.HttpInboundLink.processRequest(HttpInboundLink.java:285)
	at com.ibm.ws.http.channel.internal.inbound.HttpInboundLink.ready(HttpInboundLink.java:256)
	at com.ibm.ws.tcpchannel.internal.NewConnectionInitialReadCallback.sendToDiscriminators(NewConnectionInitialReadCallback.java:174)
	at com.ibm.ws.tcpchannel.internal.NewConnectionInitialReadCallback.complete(NewConnectionInitialReadCallback.java:83)
	at com.ibm.ws.tcpchannel.internal.WorkQueueManager.requestComplete(WorkQueueManager.java:504)
	at com.ibm.ws.tcpchannel.internal.WorkQueueManager.attemptIO(WorkQueueManager.java:574)
	at com.ibm.ws.tcpchannel.internal.WorkQueueManager.workerRun(WorkQueueManager.java:929)
	at com.ibm.ws.tcpchannel.internal.WorkQueueManager$Worker.run(WorkQueueManager.java:1018)
	at java.util.concurrent.ThreadPoolExecutor.runWorker(Unknown Source)
	at java.util.concurrent.ThreadPoolExecutor$Worker.run(Unknown Source)
	at java.lang.Thread.run(Unknown Source)
Caused by: javax.net.ssl.SSLHandshakeException: Remote host closed connection during handshake
	at com.ibm.jsse2.as.a(Unknown Source)
	at com.ibm.jsse2.as.i(Unknown Source)
	at com.ibm.jsse2.as.a(Unknown Source)
	at com.ibm.jsse2.as.startHandshake(Unknown Source)
	at org.apache.http.conn.ssl.SSLConnectionSocketFactory.createLayeredSocket(SSLConnectionSocketFactory.java:280)
	at org.apache.http.conn.ssl.SSLConnectionSocketFactory.connectSocket(SSLConnectionSocketFactory.java:265)
	at org.apache.http.impl.conn.HttpClientConnectionOperator.connect(HttpClientConnectionOperator.java:118)
	at org.apache.http.impl.conn.PoolingHttpClientConnectionManager.connect(PoolingHttpClientConnectionManager.java:314)
	at org.apache.http.impl.execchain.MainClientExec.establishRoute(MainClientExec.java:357)
	at org.apache.http.impl.execchain.MainClientExec.execute(MainClientExec.java:218)
	at org.apache.http.impl.execchain.ProtocolExec.execute(ProtocolExec.java:194)
	at org.apache.http.impl.execchain.RetryExec.execute(RetryExec.java:85)
	at org.apache.http.impl.execchain.RedirectExec.execute(RedirectExec.java:108)
	at org.apache.http.impl.client.InternalHttpClient.doExecute(InternalHttpClient.java:186)
	at org.apache.http.impl.client.CloseableHttpClient.execute(CloseableHttpClient.java:82)
	at org.apache.http.impl.client.CloseableHttpClient.execute(CloseableHttpClient.java:106)
	at com.ibm.ws.cloudoe.management.client.connector.BaseRestHandler.validateRequestToken(BaseRestHandler.java:98)
	... 33 more
Caused by: java.io.EOFException: SSL peer shut down incorrectly
	at com.ibm.jsse2.a.a(Unknown Source)
	... 50 more

[1/9/18 14:54:05:170 UTC] 00000133 m.ibm.ws.cloudoe.management.client.connector.BaseRestHandler E CWSCX0154E: An internal exception occurred during validate token 347aadbd-cae3-4768-8f35-f7147d039f03, the error message is: Remote host closed connection during handshake.
[1/9/18 14:54:05:185 UTC] 00000133 ment.client.connector.handler.PostMBeanInvocationRestHandler E CWSCX0150E: An internal exception occurred during handle request URL /IBMMGMTRest/rest/mbeans/trace-LibertyTrace/operations/getTraceSpecification, the error message is: CWSCX0154E: An internal exception occurred during validate token 347aadbd-cae3-4768-8f35-f7147d039f03, the error message is: Remote host closed connection during handshake..
com.ibm.ws.cloudoe.management.client.connector.TokenValidationException: CWSCX0154E: An internal exception occurred during validate token 347aadbd-cae3-4768-8f35-f7147d039f03, the error message is: Remote host closed connection during handshake.
	at com.ibm.ws.cloudoe.management.client.connector.BaseRestHandler.validateRequestToken(BaseRestHandler.java:110)
	at com.ibm.ws.cloudoe.management.client.connector.handler.PostMBeanInvocationRestHandler.handle(PostMBeanInvocationRestHandler.java:58)
	at com.ibm.ws.cloudoe.management.client.connector.internal.RestHandlerContainerImpl.handle(RestHandlerContainerImpl.java:48)
	at com.ibm.ws.cloudoe.management.client.connector.LibertyManagementClientServlet.doPost(LibertyManagementClientServlet.java:49)
	at javax.servlet.http.HttpServlet.service(HttpServlet.java:707)
	at javax.servlet.http.HttpServlet.service(HttpServlet.java:790)
	at com.ibm.ws.webcontainer.servlet.ServletWrapper.service(ServletWrapper.java:1290)
	at com.ibm.ws.webcontainer.servlet.ServletWrapper.handleRequest(ServletWrapper.java:778)
	at com.ibm.ws.webcontainer.servlet.ServletWrapper.handleRequest(ServletWrapper.java:475)
	at com.ibm.ws.webcontainer.filter.WebAppFilterChain.invokeTarget(WebAppFilterChain.java:148)
	at com.ibm.ws.webcontainer.filter.WebAppFilterChain.doFilter(WebAppFilterChain.java:94)
	at com.ibm.ws.app.manager.wab.internal.OsgiDirectoryProtectionFilter.doFilter(OsgiDirectoryProtectionFilter.java:101)
	at com.ibm.ws.webcontainer.filter.FilterInstanceWrapper.doFilter(FilterInstanceWrapper.java:207)
	at com.ibm.ws.webcontainer.filter.WebAppFilterChain.doFilter(WebAppFilterChain.java:91)
	at com.ibm.ws.webcontainer.filter.WebAppFilterManager.doFilter(WebAppFilterManager.java:1021)
	at com.ibm.ws.webcontainer.filter.WebAppFilterManager.invokeFilters(WebAppFilterManager.java:1143)
	at com.ibm.ws.webcontainer.servlet.CacheServletWrapper.handleRequest(CacheServletWrapper.java:82)
	at com.ibm.ws.webcontainer.WebContainer.handleRequest(WebContainer.java:928)
	at com.ibm.ws.webcontainer.osgi.DynamicVirtualHost$2.run(DynamicVirtualHost.java:262)
	at com.ibm.ws.http.dispatcher.internal.channel.HttpDispatcherLink$TaskWrapper.run(HttpDispatcherLink.java:955)
	at com.ibm.ws.http.dispatcher.internal.channel.HttpDispatcherLink.ready(HttpDispatcherLink.java:341)
	at com.ibm.ws.http.channel.internal.inbound.HttpInboundLink.handleDiscrimination(HttpInboundLink.java:471)
	at com.ibm.ws.http.channel.internal.inbound.HttpInboundLink.handleNewRequest(HttpInboundLink.java:405)
	at com.ibm.ws.http.channel.internal.inbound.HttpInboundLink.processRequest(HttpInboundLink.java:285)
	at com.ibm.ws.http.channel.internal.inbound.HttpInboundLink.ready(HttpInboundLink.java:256)
	at com.ibm.ws.tcpchannel.internal.NewConnectionInitialReadCallback.sendToDiscriminators(NewConnectionInitialReadCallback.java:174)
	at com.ibm.ws.tcpchannel.internal.NewConnectionInitialReadCallback.complete(NewConnectionInitialReadCallback.java:83)
	at com.ibm.ws.tcpchannel.internal.WorkQueueManager.requestComplete(WorkQueueManager.java:504)
	at com.ibm.ws.tcpchannel.internal.WorkQueueManager.attemptIO(WorkQueueManager.java:574)
	at com.ibm.ws.tcpchannel.internal.WorkQueueManager.workerRun(WorkQueueManager.java:929)
	at com.ibm.ws.tcpchannel.internal.WorkQueueManager$Worker.run(WorkQueueManager.java:1018)
	at java.util.concurrent.ThreadPoolExecutor.runWorker(Unknown Source)
	at java.util.concurrent.ThreadPoolExecutor$Worker.run(Unknown Source)
	at java.lang.Thread.run(Unknown Source)
Caused by: javax.net.ssl.SSLHandshakeException: Remote host closed connection during handshake
	at com.ibm.jsse2.as.a(Unknown Source)
	at com.ibm.jsse2.as.i(Unknown Source)
	at com.ibm.jsse2.as.a(Unknown Source)
	at com.ibm.jsse2.as.startHandshake(Unknown Source)
	at org.apache.http.conn.ssl.SSLConnectionSocketFactory.createLayeredSocket(SSLConnectionSocketFactory.java:280)
	at org.apache.http.conn.ssl.SSLConnectionSocketFactory.connectSocket(SSLConnectionSocketFactory.java:265)
	at org.apache.http.impl.conn.HttpClientConnectionOperator.connect(HttpClientConnectionOperator.java:118)
	at org.apache.http.impl.conn.PoolingHttpClientConnectionManager.connect(PoolingHttpClientConnectionManager.java:314)
	at org.apache.http.impl.execchain.MainClientExec.establishRoute(MainClientExec.java:357)
	at org.apache.http.impl.execchain.MainClientExec.execute(MainClientExec.java:218)
	at org.apache.http.impl.execchain.ProtocolExec.execute(ProtocolExec.java:194)
	at org.apache.http.impl.execchain.RetryExec.execute(RetryExec.java:85)
	at org.apache.http.impl.execchain.RedirectExec.execute(RedirectExec.java:108)
	at org.apache.http.impl.client.InternalHttpClient.doExecute(InternalHttpClient.java:186)
	at org.apache.http.impl.client.CloseableHttpClient.execute(CloseableHttpClient.java:82)
	at org.apache.http.impl.client.CloseableHttpClient.execute(CloseableHttpClient.java:106)
	at com.ibm.ws.cloudoe.management.client.connector.BaseRestHandler.validateRequestToken(BaseRestHandler.java:98)
	... 33 more
Caused by: java.io.EOFException: SSL peer shut down incorrectly
	at com.ibm.jsse2.a.a(Unknown Source)
	... 50 more

[1/10/18 7:29:25:656 UTC] 0000212e m.ibm.ws.cloudoe.management.client.connector.BaseRestHandler E CWSCX0154E: An internal exception occurred during validate token 28fb13e3-34c7-48cb-9d01-da0d58de6342, the error message is: Remote host closed connection during handshake.
[1/10/18 7:29:25:686 UTC] 0000212e ment.client.connector.handler.PostMBeanInvocationRestHandler E CWSCX0150E: An internal exception occurred during handle request URL /IBMMGMTRest/rest/mbeans/trace-LibertyTrace/operations/getTraceSpecification, the error message is: CWSCX0154E: An internal exception occurred during validate token 28fb13e3-34c7-48cb-9d01-da0d58de6342, the error message is: Remote host closed connection during handshake..
com.ibm.ws.cloudoe.management.client.connector.TokenValidationException: CWSCX0154E: An internal exception occurred during validate token 28fb13e3-34c7-48cb-9d01-da0d58de6342, the error message is: Remote host closed connection during handshake.
	at com.ibm.ws.cloudoe.management.client.connector.BaseRestHandler.validateRequestToken(BaseRestHandler.java:110)
	at com.ibm.ws.cloudoe.management.client.connector.handler.PostMBeanInvocationRestHandler.handle(PostMBeanInvocationRestHandler.java:58)
	at com.ibm.ws.cloudoe.management.client.connector.internal.RestHandlerContainerImpl.handle(RestHandlerContainerImpl.java:48)
	at com.ibm.ws.cloudoe.management.client.connector.LibertyManagementClientServlet.doPost(LibertyManagementClientServlet.java:49)
	at javax.servlet.http.HttpServlet.service(HttpServlet.java:707)
	at javax.servlet.http.HttpServlet.service(HttpServlet.java:790)
	at com.ibm.ws.webcontainer.servlet.ServletWrapper.service(ServletWrapper.java:1290)
	at com.ibm.ws.webcontainer.servlet.ServletWrapper.handleRequest(ServletWrapper.java:778)
	at com.ibm.ws.webcontainer.servlet.ServletWrapper.handleRequest(ServletWrapper.java:475)
	at com.ibm.ws.webcontainer.filter.WebAppFilterChain.invokeTarget(WebAppFilterChain.java:148)
	at com.ibm.ws.webcontainer.filter.WebAppFilterChain.doFilter(WebAppFilterChain.java:94)
	at com.ibm.ws.app.manager.wab.internal.OsgiDirectoryProtectionFilter.doFilter(OsgiDirectoryProtectionFilter.java:101)
	at com.ibm.ws.webcontainer.filter.FilterInstanceWrapper.doFilter(FilterInstanceWrapper.java:207)
	at com.ibm.ws.webcontainer.filter.WebAppFilterChain.doFilter(WebAppFilterChain.java:91)
	at com.ibm.ws.webcontainer.filter.WebAppFilterManager.doFilter(WebAppFilterManager.java:1021)
	at com.ibm.ws.webcontainer.filter.WebAppFilterManager.invokeFilters(WebAppFilterManager.java:1143)
	at com.ibm.ws.webcontainer.servlet.CacheServletWrapper.handleRequest(CacheServletWrapper.java:82)
	at com.ibm.ws.webcontainer.WebContainer.handleRequest(WebContainer.java:928)
	at com.ibm.ws.webcontainer.osgi.DynamicVirtualHost$2.run(DynamicVirtualHost.java:262)
	at com.ibm.ws.http.dispatcher.internal.channel.HttpDispatcherLink$TaskWrapper.run(HttpDispatcherLink.java:955)
	at com.ibm.ws.http.dispatcher.internal.channel.HttpDispatcherLink.ready(HttpDispatcherLink.java:341)
	at com.ibm.ws.http.channel.internal.inbound.HttpInboundLink.handleDiscrimination(HttpInboundLink.java:471)
	at com.ibm.ws.http.channel.internal.inbound.HttpInboundLink.handleNewRequest(HttpInboundLink.java:405)
	at com.ibm.ws.http.channel.internal.inbound.HttpInboundLink.processRequest(HttpInboundLink.java:285)
	at com.ibm.ws.http.channel.internal.inbound.HttpInboundLink.ready(HttpInboundLink.java:256)
	at com.ibm.ws.tcpchannel.internal.NewConnectionInitialReadCallback.sendToDiscriminators(NewConnectionInitialReadCallback.java:174)
	at com.ibm.ws.tcpchannel.internal.NewConnectionInitialReadCallback.complete(NewConnectionInitialReadCallback.java:83)
	at com.ibm.ws.tcpchannel.internal.WorkQueueManager.requestComplete(WorkQueueManager.java:504)
	at com.ibm.ws.tcpchannel.internal.WorkQueueManager.attemptIO(WorkQueueManager.java:574)
	at com.ibm.ws.tcpchannel.internal.WorkQueueManager.workerRun(WorkQueueManager.java:929)
	at com.ibm.ws.tcpchannel.internal.WorkQueueManager$Worker.run(WorkQueueManager.java:1018)
	at java.util.concurrent.ThreadPoolExecutor.runWorker(Unknown Source)
	at java.util.concurrent.ThreadPoolExecutor$Worker.run(Unknown Source)
	at java.lang.Thread.run(Unknown Source)
Caused by: javax.net.ssl.SSLHandshakeException: Remote host closed connection during handshake
	at com.ibm.jsse2.as.a(Unknown Source)
	at com.ibm.jsse2.as.i(Unknown Source)
	at com.ibm.jsse2.as.a(Unknown Source)
	at com.ibm.jsse2.as.startHandshake(Unknown Source)
	at org.apache.http.conn.ssl.SSLConnectionSocketFactory.createLayeredSocket(SSLConnectionSocketFactory.java:280)
	at org.apache.http.conn.ssl.SSLConnectionSocketFactory.connectSocket(SSLConnectionSocketFactory.java:265)
	at org.apache.http.impl.conn.HttpClientConnectionOperator.connect(HttpClientConnectionOperator.java:118)
	at org.apache.http.impl.conn.PoolingHttpClientConnectionManager.connect(PoolingHttpClientConnectionManager.java:314)
	at org.apache.http.impl.execchain.MainClientExec.establishRoute(MainClientExec.java:357)
	at org.apache.http.impl.execchain.MainClientExec.execute(MainClientExec.java:218)
	at org.apache.http.impl.execchain.ProtocolExec.execute(ProtocolExec.java:194)
	at org.apache.http.impl.execchain.RetryExec.execute(RetryExec.java:85)
	at org.apache.http.impl.execchain.RedirectExec.execute(RedirectExec.java:108)
	at org.apache.http.impl.client.InternalHttpClient.doExecute(InternalHttpClient.java:186)
	at org.apache.http.impl.client.CloseableHttpClient.execute(CloseableHttpClient.java:82)
	at org.apache.http.impl.client.CloseableHttpClient.execute(CloseableHttpClient.java:106)
	at com.ibm.ws.cloudoe.management.client.connector.BaseRestHandler.validateRequestToken(BaseRestHandler.java:98)
	... 33 more
Caused by: java.io.EOFException: SSL peer shut down incorrectly
	at com.ibm.jsse2.a.a(Unknown Source)
	... 50 more

[1/18/18 5:51:47:648 UTC] 00018a52 m.ibm.ws.cloudoe.management.client.connector.BaseRestHandler E CWSCX0154E: An internal exception occurred during validate token f0fdf3d7-8c81-4c17-a300-d2236413c9af, the error message is: Remote host closed connection during handshake.
[1/18/18 5:51:47:681 UTC] 00018a52 ment.client.connector.handler.PostMBeanInvocationRestHandler E CWSCX0150E: An internal exception occurred during handle request URL /IBMMGMTRest/rest/mbeans/trace-LibertyTrace/operations/getTraceSpecification, the error message is: CWSCX0154E: An internal exception occurred during validate token f0fdf3d7-8c81-4c17-a300-d2236413c9af, the error message is: Remote host closed connection during handshake..
com.ibm.ws.cloudoe.management.client.connector.TokenValidationException: CWSCX0154E: An internal exception occurred during validate token f0fdf3d7-8c81-4c17-a300-d2236413c9af, the error message is: Remote host closed connection during handshake.
	at com.ibm.ws.cloudoe.management.client.connector.BaseRestHandler.validateRequestToken(BaseRestHandler.java:110)
	at com.ibm.ws.cloudoe.management.client.connector.handler.PostMBeanInvocationRestHandler.handle(PostMBeanInvocationRestHandler.java:58)
	at com.ibm.ws.cloudoe.management.client.connector.internal.RestHandlerContainerImpl.handle(RestHandlerContainerImpl.java:48)
	at com.ibm.ws.cloudoe.management.client.connector.LibertyManagementClientServlet.doPost(LibertyManagementClientServlet.java:49)
	at javax.servlet.http.HttpServlet.service(HttpServlet.java:707)
	at javax.servlet.http.HttpServlet.service(HttpServlet.java:790)
	at com.ibm.ws.webcontainer.servlet.ServletWrapper.service(ServletWrapper.java:1290)
	at com.ibm.ws.webcontainer.servlet.ServletWrapper.handleRequest(ServletWrapper.java:778)
	at com.ibm.ws.webcontainer.servlet.ServletWrapper.handleRequest(ServletWrapper.java:475)
	at com.ibm.ws.webcontainer.filter.WebAppFilterChain.invokeTarget(WebAppFilterChain.java:148)
	at com.ibm.ws.webcontainer.filter.WebAppFilterChain.doFilter(WebAppFilterChain.java:94)
	at com.ibm.ws.app.manager.wab.internal.OsgiDirectoryProtectionFilter.doFilter(OsgiDirectoryProtectionFilter.java:101)
	at com.ibm.ws.webcontainer.filter.FilterInstanceWrapper.doFilter(FilterInstanceWrapper.java:207)
	at com.ibm.ws.webcontainer.filter.WebAppFilterChain.doFilter(WebAppFilterChain.java:91)
	at com.ibm.ws.webcontainer.filter.WebAppFilterManager.doFilter(WebAppFilterManager.java:1021)
	at com.ibm.ws.webcontainer.filter.WebAppFilterManager.invokeFilters(WebAppFilterManager.java:1143)
	at com.ibm.ws.webcontainer.servlet.CacheServletWrapper.handleRequest(CacheServletWrapper.java:82)
	at com.ibm.ws.webcontainer.WebContainer.handleRequest(WebContainer.java:928)
	at com.ibm.ws.webcontainer.osgi.DynamicVirtualHost$2.run(DynamicVirtualHost.java:262)
	at com.ibm.ws.http.dispatcher.internal.channel.HttpDispatcherLink$TaskWrapper.run(HttpDispatcherLink.java:955)
	at com.ibm.ws.http.dispatcher.internal.channel.HttpDispatcherLink.ready(HttpDispatcherLink.java:341)
	at com.ibm.ws.http.channel.internal.inbound.HttpInboundLink.handleDiscrimination(HttpInboundLink.java:471)
	at com.ibm.ws.http.channel.internal.inbound.HttpInboundLink.handleNewRequest(HttpInboundLink.java:405)
	at com.ibm.ws.http.channel.internal.inbound.HttpInboundLink.processRequest(HttpInboundLink.java:285)
	at com.ibm.ws.http.channel.internal.inbound.HttpInboundLink.ready(HttpInboundLink.java:256)
	at com.ibm.ws.tcpchannel.internal.NewConnectionInitialReadCallback.sendToDiscriminators(NewConnectionInitialReadCallback.java:174)
	at com.ibm.ws.tcpchannel.internal.NewConnectionInitialReadCallback.complete(NewConnectionInitialReadCallback.java:83)
	at com.ibm.ws.tcpchannel.internal.WorkQueueManager.requestComplete(WorkQueueManager.java:504)
	at com.ibm.ws.tcpchannel.internal.WorkQueueManager.attemptIO(WorkQueueManager.java:574)
	at com.ibm.ws.tcpchannel.internal.WorkQueueManager.workerRun(WorkQueueManager.java:929)
	at com.ibm.ws.tcpchannel.internal.WorkQueueManager$Worker.run(WorkQueueManager.java:1018)
	at java.util.concurrent.ThreadPoolExecutor.runWorker(Unknown Source)
	at java.util.concurrent.ThreadPoolExecutor$Worker.run(Unknown Source)
	at java.lang.Thread.run(Unknown Source)
Caused by: javax.net.ssl.SSLHandshakeException: Remote host closed connection during handshake
	at com.ibm.jsse2.as.a(Unknown Source)
	at com.ibm.jsse2.as.i(Unknown Source)
	at com.ibm.jsse2.as.a(Unknown Source)
	at com.ibm.jsse2.as.startHandshake(Unknown Source)
	at org.apache.http.conn.ssl.SSLConnectionSocketFactory.createLayeredSocket(SSLConnectionSocketFactory.java:280)
	at org.apache.http.conn.ssl.SSLConnectionSocketFactory.connectSocket(SSLConnectionSocketFactory.java:265)
	at org.apache.http.impl.conn.HttpClientConnectionOperator.connect(HttpClientConnectionOperator.java:118)
	at org.apache.http.impl.conn.PoolingHttpClientConnectionManager.connect(PoolingHttpClientConnectionManager.java:314)
	at org.apache.http.impl.execchain.MainClientExec.establishRoute(MainClientExec.java:357)
	at org.apache.http.impl.execchain.MainClientExec.execute(MainClientExec.java:218)
	at org.apache.http.impl.execchain.ProtocolExec.execute(ProtocolExec.java:194)
	at org.apache.http.impl.execchain.RetryExec.execute(RetryExec.java:85)
	at org.apache.http.impl.execchain.RedirectExec.execute(RedirectExec.java:108)
	at org.apache.http.impl.client.InternalHttpClient.doExecute(InternalHttpClient.java:186)
	at org.apache.http.impl.client.CloseableHttpClient.execute(CloseableHttpClient.java:82)
	at org.apache.http.impl.client.CloseableHttpClient.execute(CloseableHttpClient.java:106)
	at com.ibm.ws.cloudoe.management.client.connector.BaseRestHandler.validateRequestToken(BaseRestHandler.java:98)
	... 33 more
Caused by: java.io.EOFException: SSL peer shut down incorrectly
	at com.ibm.jsse2.a.a(Unknown Source)
	... 50 more

[1/18/18 6:04:19:957 UTC] 00018abd m.ibm.ws.cloudoe.management.client.connector.BaseRestHandler E CWSCX0154E: An internal exception occurred during validate token 2c782cfc-6528-4673-b7bc-cb3702d11e8c, the error message is: Remote host closed connection during handshake.
[1/18/18 6:04:19:958 UTC] 00018abd ment.client.connector.handler.PostMBeanInvocationRestHandler E CWSCX0150E: An internal exception occurred during handle request URL /IBMMGMTRest/rest/mbeans/trace-LibertyTrace/operations/getTraceSpecification, the error message is: CWSCX0154E: An internal exception occurred during validate token 2c782cfc-6528-4673-b7bc-cb3702d11e8c, the error message is: Remote host closed connection during handshake..
com.ibm.ws.cloudoe.management.client.connector.TokenValidationException: CWSCX0154E: An internal exception occurred during validate token 2c782cfc-6528-4673-b7bc-cb3702d11e8c, the error message is: Remote host closed connection during handshake.
	at com.ibm.ws.cloudoe.management.client.connector.BaseRestHandler.validateRequestToken(BaseRestHandler.java:110)
	at com.ibm.ws.cloudoe.management.client.connector.handler.PostMBeanInvocationRestHandler.handle(PostMBeanInvocationRestHandler.java:58)
	at com.ibm.ws.cloudoe.management.client.connector.internal.RestHandlerContainerImpl.handle(RestHandlerContainerImpl.java:48)
	at com.ibm.ws.cloudoe.management.client.connector.LibertyManagementClientServlet.doPost(LibertyManagementClientServlet.java:49)
	at javax.servlet.http.HttpServlet.service(HttpServlet.java:707)
	at javax.servlet.http.HttpServlet.service(HttpServlet.java:790)
	at com.ibm.ws.webcontainer.servlet.ServletWrapper.service(ServletWrapper.java:1290)
	at com.ibm.ws.webcontainer.servlet.ServletWrapper.handleRequest(ServletWrapper.java:778)
	at com.ibm.ws.webcontainer.servlet.ServletWrapper.handleRequest(ServletWrapper.java:475)
	at com.ibm.ws.webcontainer.filter.WebAppFilterChain.invokeTarget(WebAppFilterChain.java:148)
	at com.ibm.ws.webcontainer.filter.WebAppFilterChain.doFilter(WebAppFilterChain.java:94)
	at com.ibm.ws.app.manager.wab.internal.OsgiDirectoryProtectionFilter.doFilter(OsgiDirectoryProtectionFilter.java:101)
	at com.ibm.ws.webcontainer.filter.FilterInstanceWrapper.doFilter(FilterInstanceWrapper.java:207)
	at com.ibm.ws.webcontainer.filter.WebAppFilterChain.doFilter(WebAppFilterChain.java:91)
	at com.ibm.ws.webcontainer.filter.WebAppFilterManager.doFilter(WebAppFilterManager.java:1021)
	at com.ibm.ws.webcontainer.filter.WebAppFilterManager.invokeFilters(WebAppFilterManager.java:1143)
	at com.ibm.ws.webcontainer.servlet.CacheServletWrapper.handleRequest(CacheServletWrapper.java:82)
	at com.ibm.ws.webcontainer.WebContainer.handleRequest(WebContainer.java:928)
	at com.ibm.ws.webcontainer.osgi.DynamicVirtualHost$2.run(DynamicVirtualHost.java:262)
	at com.ibm.ws.http.dispatcher.internal.channel.HttpDispatcherLink$TaskWrapper.run(HttpDispatcherLink.java:955)
	at com.ibm.ws.http.dispatcher.internal.channel.HttpDispatcherLink.ready(HttpDispatcherLink.java:341)
	at com.ibm.ws.http.channel.internal.inbound.HttpInboundLink.handleDiscrimination(HttpInboundLink.java:471)
	at com.ibm.ws.http.channel.internal.inbound.HttpInboundLink.handleNewRequest(HttpInboundLink.java:405)
	at com.ibm.ws.http.channel.internal.inbound.HttpInboundLink.processRequest(HttpInboundLink.java:285)
	at com.ibm.ws.http.channel.internal.inbound.HttpInboundLink.ready(HttpInboundLink.java:256)
	at com.ibm.ws.tcpchannel.internal.NewConnectionInitialReadCallback.sendToDiscriminators(NewConnectionInitialReadCallback.java:174)
	at com.ibm.ws.tcpchannel.internal.NewConnectionInitialReadCallback.complete(NewConnectionInitialReadCallback.java:83)
	at com.ibm.ws.tcpchannel.internal.WorkQueueManager.requestComplete(WorkQueueManager.java:504)
	at com.ibm.ws.tcpchannel.internal.WorkQueueManager.attemptIO(WorkQueueManager.java:574)
	at com.ibm.ws.tcpchannel.internal.WorkQueueManager.workerRun(WorkQueueManager.java:929)
	at com.ibm.ws.tcpchannel.internal.WorkQueueManager$Worker.run(WorkQueueManager.java:1018)
	at java.util.concurrent.ThreadPoolExecutor.runWorker(Unknown Source)
	at java.util.concurrent.ThreadPoolExecutor$Worker.run(Unknown Source)
	at java.lang.Thread.run(Unknown Source)
Caused by: javax.net.ssl.SSLHandshakeException: Remote host closed connection during handshake
	at com.ibm.jsse2.as.a(Unknown Source)
	at com.ibm.jsse2.as.i(Unknown Source)
	at com.ibm.jsse2.as.a(Unknown Source)
	at com.ibm.jsse2.as.startHandshake(Unknown Source)
	at org.apache.http.conn.ssl.SSLConnectionSocketFactory.createLayeredSocket(SSLConnectionSocketFactory.java:280)
	at org.apache.http.conn.ssl.SSLConnectionSocketFactory.connectSocket(SSLConnectionSocketFactory.java:265)
	at org.apache.http.impl.conn.HttpClientConnectionOperator.connect(HttpClientConnectionOperator.java:118)
	at org.apache.http.impl.conn.PoolingHttpClientConnectionManager.connect(PoolingHttpClientConnectionManager.java:314)
	at org.apache.http.impl.execchain.MainClientExec.establishRoute(MainClientExec.java:357)
	at org.apache.http.impl.execchain.MainClientExec.execute(MainClientExec.java:218)
	at org.apache.http.impl.execchain.ProtocolExec.execute(ProtocolExec.java:194)
	at org.apache.http.impl.execchain.RetryExec.execute(RetryExec.java:85)
	at org.apache.http.impl.execchain.RedirectExec.execute(RedirectExec.java:108)
	at org.apache.http.impl.client.InternalHttpClient.doExecute(InternalHttpClient.java:186)
	at org.apache.http.impl.client.CloseableHttpClient.execute(CloseableHttpClient.java:82)
	at org.apache.http.impl.client.CloseableHttpClient.execute(CloseableHttpClient.java:106)
	at com.ibm.ws.cloudoe.management.client.connector.BaseRestHandler.validateRequestToken(BaseRestHandler.java:98)
	... 33 more
Caused by: java.io.EOFException: SSL peer shut down incorrectly
	at com.ibm.jsse2.a.a(Unknown Source)
	... 50 more

[1/18/18 6:04:26:415 UTC] 00018ac5 m.ibm.ws.cloudoe.management.client.connector.BaseRestHandler E CWSCX0154E: An internal exception occurred during validate token f1795b23-4335-480c-b09b-d83c4d4680c8, the error message is: Remote host closed connection during handshake.
[1/18/18 6:04:26:415 UTC] 00018ac5 ment.client.connector.handler.PostMBeanInvocationRestHandler E CWSCX0150E: An internal exception occurred during handle request URL /IBMMGMTRest/rest/mbeans/trace-LibertyTrace/operations/getTraceSpecification, the error message is: CWSCX0154E: An internal exception occurred during validate token f1795b23-4335-480c-b09b-d83c4d4680c8, the error message is: Remote host closed connection during handshake..
com.ibm.ws.cloudoe.management.client.connector.TokenValidationException: CWSCX0154E: An internal exception occurred during validate token f1795b23-4335-480c-b09b-d83c4d4680c8, the error message is: Remote host closed connection during handshake.
	at com.ibm.ws.cloudoe.management.client.connector.BaseRestHandler.validateRequestToken(BaseRestHandler.java:110)
	at com.ibm.ws.cloudoe.management.client.connector.handler.PostMBeanInvocationRestHandler.handle(PostMBeanInvocationRestHandler.java:58)
	at com.ibm.ws.cloudoe.management.client.connector.internal.RestHandlerContainerImpl.handle(RestHandlerContainerImpl.java:48)
	at com.ibm.ws.cloudoe.management.client.connector.LibertyManagementClientServlet.doPost(LibertyManagementClientServlet.java:49)
	at javax.servlet.http.HttpServlet.service(HttpServlet.java:707)
	at javax.servlet.http.HttpServlet.service(HttpServlet.java:790)
	at com.ibm.ws.webcontainer.servlet.ServletWrapper.service(ServletWrapper.java:1290)
	at com.ibm.ws.webcontainer.servlet.ServletWrapper.handleRequest(ServletWrapper.java:778)
	at com.ibm.ws.webcontainer.servlet.ServletWrapper.handleRequest(ServletWrapper.java:475)
	at com.ibm.ws.webcontainer.filter.WebAppFilterChain.invokeTarget(WebAppFilterChain.java:148)
	at com.ibm.ws.webcontainer.filter.WebAppFilterChain.doFilter(WebAppFilterChain.java:94)
	at com.ibm.ws.app.manager.wab.internal.OsgiDirectoryProtectionFilter.doFilter(OsgiDirectoryProtectionFilter.java:101)
	at com.ibm.ws.webcontainer.filter.FilterInstanceWrapper.doFilter(FilterInstanceWrapper.java:207)
	at com.ibm.ws.webcontainer.filter.WebAppFilterChain.doFilter(WebAppFilterChain.java:91)
	at com.ibm.ws.webcontainer.filter.WebAppFilterManager.doFilter(WebAppFilterManager.java:1021)
	at com.ibm.ws.webcontainer.filter.WebAppFilterManager.invokeFilters(WebAppFilterManager.java:1143)
	at com.ibm.ws.webcontainer.servlet.CacheServletWrapper.handleRequest(CacheServletWrapper.java:82)
	at com.ibm.ws.webcontainer.WebContainer.handleRequest(WebContainer.java:928)
	at com.ibm.ws.webcontainer.osgi.DynamicVirtualHost$2.run(DynamicVirtualHost.java:262)
	at com.ibm.ws.http.dispatcher.internal.channel.HttpDispatcherLink$TaskWrapper.run(HttpDispatcherLink.java:955)
	at com.ibm.ws.http.dispatcher.internal.channel.HttpDispatcherLink.ready(HttpDispatcherLink.java:341)
	at com.ibm.ws.http.channel.internal.inbound.HttpInboundLink.handleDiscrimination(HttpInboundLink.java:471)
	at com.ibm.ws.http.channel.internal.inbound.HttpInboundLink.handleNewRequest(HttpInboundLink.java:405)
	at com.ibm.ws.http.channel.internal.inbound.HttpInboundLink.processRequest(HttpInboundLink.java:285)
	at com.ibm.ws.http.channel.internal.inbound.HttpInboundLink.ready(HttpInboundLink.java:256)
	at com.ibm.ws.tcpchannel.internal.NewConnectionInitialReadCallback.sendToDiscriminators(NewConnectionInitialReadCallback.java:174)
	at com.ibm.ws.tcpchannel.internal.NewConnectionInitialReadCallback.complete(NewConnectionInitialReadCallback.java:83)
	at com.ibm.ws.tcpchannel.internal.WorkQueueManager.requestComplete(WorkQueueManager.java:504)
	at com.ibm.ws.tcpchannel.internal.WorkQueueManager.attemptIO(WorkQueueManager.java:574)
	at com.ibm.ws.tcpchannel.internal.WorkQueueManager.workerRun(WorkQueueManager.java:929)
	at com.ibm.ws.tcpchannel.internal.WorkQueueManager$Worker.run(WorkQueueManager.java:1018)
	at java.util.concurrent.ThreadPoolExecutor.runWorker(Unknown Source)
	at java.util.concurrent.ThreadPoolExecutor$Worker.run(Unknown Source)
	at java.lang.Thread.run(Unknown Source)
Caused by: javax.net.ssl.SSLHandshakeException: Remote host closed connection during handshake
	at com.ibm.jsse2.as.a(Unknown Source)
	at com.ibm.jsse2.as.i(Unknown Source)
	at com.ibm.jsse2.as.a(Unknown Source)
	at com.ibm.jsse2.as.startHandshake(Unknown Source)
	at org.apache.http.conn.ssl.SSLConnectionSocketFactory.createLayeredSocket(SSLConnectionSocketFactory.java:280)
	at org.apache.http.conn.ssl.SSLConnectionSocketFactory.connectSocket(SSLConnectionSocketFactory.java:265)
	at org.apache.http.impl.conn.HttpClientConnectionOperator.connect(HttpClientConnectionOperator.java:118)
	at org.apache.http.impl.conn.PoolingHttpClientConnectionManager.connect(PoolingHttpClientConnectionManager.java:314)
	at org.apache.http.impl.execchain.MainClientExec.establishRoute(MainClientExec.java:357)
	at org.apache.http.impl.execchain.MainClientExec.execute(MainClientExec.java:218)
	at org.apache.http.impl.execchain.ProtocolExec.execute(ProtocolExec.java:194)
	at org.apache.http.impl.execchain.RetryExec.execute(RetryExec.java:85)
	at org.apache.http.impl.execchain.RedirectExec.execute(RedirectExec.java:108)
	at org.apache.http.impl.client.InternalHttpClient.doExecute(InternalHttpClient.java:186)
	at org.apache.http.impl.client.CloseableHttpClient.execute(CloseableHttpClient.java:82)
	at org.apache.http.impl.client.CloseableHttpClient.execute(CloseableHttpClient.java:106)
	at com.ibm.ws.cloudoe.management.client.connector.BaseRestHandler.validateRequestToken(BaseRestHandler.java:98)
	... 33 more
Caused by: java.io.EOFException: SSL peer shut down incorrectly
	at com.ibm.jsse2.a.a(Unknown Source)
	... 50 more

[1/18/18 6:05:13:391 UTC] 00018acc m.ibm.ws.cloudoe.management.client.connector.BaseRestHandler E CWSCX0154E: An internal exception occurred during validate token 0a67dc3b-235a-4306-b932-0c7e42ac3ef5, the error message is: Remote host closed connection during handshake.
[1/18/18 6:05:13:391 UTC] 00018acc ment.client.connector.handler.PostMBeanInvocationRestHandler E CWSCX0150E: An internal exception occurred during handle request URL /IBMMGMTRest/rest/mbeans/trace-LibertyTrace/operations/getTraceSpecification, the error message is: CWSCX0154E: An internal exception occurred during validate token 0a67dc3b-235a-4306-b932-0c7e42ac3ef5, the error message is: Remote host closed connection during handshake..
com.ibm.ws.cloudoe.management.client.connector.TokenValidationException: CWSCX0154E: An internal exception occurred during validate token 0a67dc3b-235a-4306-b932-0c7e42ac3ef5, the error message is: Remote host closed connection during handshake.
	at com.ibm.ws.cloudoe.management.client.connector.BaseRestHandler.validateRequestToken(BaseRestHandler.java:110)
	at com.ibm.ws.cloudoe.management.client.connector.handler.PostMBeanInvocationRestHandler.handle(PostMBeanInvocationRestHandler.java:58)
	at com.ibm.ws.cloudoe.management.client.connector.internal.RestHandlerContainerImpl.handle(RestHandlerContainerImpl.java:48)
	at com.ibm.ws.cloudoe.management.client.connector.LibertyManagementClientServlet.doPost(LibertyManagementClientServlet.java:49)
	at javax.servlet.http.HttpServlet.service(HttpServlet.java:707)
	at javax.servlet.http.HttpServlet.service(HttpServlet.java:790)
	at com.ibm.ws.webcontainer.servlet.ServletWrapper.service(ServletWrapper.java:1290)
	at com.ibm.ws.webcontainer.servlet.ServletWrapper.handleRequest(ServletWrapper.java:778)
	at com.ibm.ws.webcontainer.servlet.ServletWrapper.handleRequest(ServletWrapper.java:475)
	at com.ibm.ws.webcontainer.filter.WebAppFilterChain.invokeTarget(WebAppFilterChain.java:148)
	at com.ibm.ws.webcontainer.filter.WebAppFilterChain.doFilter(WebAppFilterChain.java:94)
	at com.ibm.ws.app.manager.wab.internal.OsgiDirectoryProtectionFilter.doFilter(OsgiDirectoryProtectionFilter.java:101)
	at com.ibm.ws.webcontainer.filter.FilterInstanceWrapper.doFilter(FilterInstanceWrapper.java:207)
	at com.ibm.ws.webcontainer.filter.WebAppFilterChain.doFilter(WebAppFilterChain.java:91)
	at com.ibm.ws.webcontainer.filter.WebAppFilterManager.doFilter(WebAppFilterManager.java:1021)
	at com.ibm.ws.webcontainer.filter.WebAppFilterManager.invokeFilters(WebAppFilterManager.java:1143)
	at com.ibm.ws.webcontainer.servlet.CacheServletWrapper.handleRequest(CacheServletWrapper.java:82)
	at com.ibm.ws.webcontainer.WebContainer.handleRequest(WebContainer.java:928)
	at com.ibm.ws.webcontainer.osgi.DynamicVirtualHost$2.run(DynamicVirtualHost.java:262)
	at com.ibm.ws.http.dispatcher.internal.channel.HttpDispatcherLink$TaskWrapper.run(HttpDispatcherLink.java:955)
	at com.ibm.ws.http.dispatcher.internal.channel.HttpDispatcherLink.ready(HttpDispatcherLink.java:341)
	at com.ibm.ws.http.channel.internal.inbound.HttpInboundLink.handleDiscrimination(HttpInboundLink.java:471)
	at com.ibm.ws.http.channel.internal.inbound.HttpInboundLink.handleNewRequest(HttpInboundLink.java:405)
	at com.ibm.ws.http.channel.internal.inbound.HttpInboundLink.processRequest(HttpInboundLink.java:285)
	at com.ibm.ws.http.channel.internal.inbound.HttpInboundLink.ready(HttpInboundLink.java:256)
	at com.ibm.ws.tcpchannel.internal.NewConnectionInitialReadCallback.sendToDiscriminators(NewConnectionInitialReadCallback.java:174)
	at com.ibm.ws.tcpchannel.internal.NewConnectionInitialReadCallback.complete(NewConnectionInitialReadCallback.java:83)
	at com.ibm.ws.tcpchannel.internal.WorkQueueManager.requestComplete(WorkQueueManager.java:504)
	at com.ibm.ws.tcpchannel.internal.WorkQueueManager.attemptIO(WorkQueueManager.java:574)
	at com.ibm.ws.tcpchannel.internal.WorkQueueManager.workerRun(WorkQueueManager.java:929)
	at com.ibm.ws.tcpchannel.internal.WorkQueueManager$Worker.run(WorkQueueManager.java:1018)
	at java.util.concurrent.ThreadPoolExecutor.runWorker(Unknown Source)
	at java.util.concurrent.ThreadPoolExecutor$Worker.run(Unknown Source)
	at java.lang.Thread.run(Unknown Source)
Caused by: javax.net.ssl.SSLHandshakeException: Remote host closed connection during handshake
	at com.ibm.jsse2.as.a(Unknown Source)
	at com.ibm.jsse2.as.i(Unknown Source)
	at com.ibm.jsse2.as.a(Unknown Source)
	at com.ibm.jsse2.as.startHandshake(Unknown Source)
	at org.apache.http.conn.ssl.SSLConnectionSocketFactory.createLayeredSocket(SSLConnectionSocketFactory.java:280)
	at org.apache.http.conn.ssl.SSLConnectionSocketFactory.connectSocket(SSLConnectionSocketFactory.java:265)
	at org.apache.http.impl.conn.HttpClientConnectionOperator.connect(HttpClientConnectionOperator.java:118)
	at org.apache.http.impl.conn.PoolingHttpClientConnectionManager.connect(PoolingHttpClientConnectionManager.java:314)
	at org.apache.http.impl.execchain.MainClientExec.establishRoute(MainClientExec.java:357)
	at org.apache.http.impl.execchain.MainClientExec.execute(MainClientExec.java:218)
	at org.apache.http.impl.execchain.ProtocolExec.execute(ProtocolExec.java:194)
	at org.apache.http.impl.execchain.RetryExec.execute(RetryExec.java:85)
	at org.apache.http.impl.execchain.RedirectExec.execute(RedirectExec.java:108)
	at org.apache.http.impl.client.InternalHttpClient.doExecute(InternalHttpClient.java:186)
	at org.apache.http.impl.client.CloseableHttpClient.execute(CloseableHttpClient.java:82)
	at org.apache.http.impl.client.CloseableHttpClient.execute(CloseableHttpClient.java:106)
	at com.ibm.ws.cloudoe.management.client.connector.BaseRestHandler.validateRequestToken(BaseRestHandler.java:98)
	... 33 more
Caused by: java.io.EOFException: SSL peer shut down incorrectly
	at com.ibm.jsse2.a.a(Unknown Source)
	... 50 more

[1/18/18 6:13:37:187 UTC] 00018b0e m.ibm.ws.cloudoe.management.client.connector.BaseRestHandler E CWSCX0154E: An internal exception occurred during validate token 47d95e08-00c7-4e93-a589-e0d6ee02fa36, the error message is: Remote host closed connection during handshake.
[1/18/18 6:13:37:187 UTC] 00018b0e ment.client.connector.handler.PostMBeanInvocationRestHandler E CWSCX0150E: An internal exception occurred during handle request URL /IBMMGMTRest/rest/mbeans/trace-LibertyTrace/operations/getTraceSpecification, the error message is: CWSCX0154E: An internal exception occurred during validate token 47d95e08-00c7-4e93-a589-e0d6ee02fa36, the error message is: Remote host closed connection during handshake..
com.ibm.ws.cloudoe.management.client.connector.TokenValidationException: CWSCX0154E: An internal exception occurred during validate token 47d95e08-00c7-4e93-a589-e0d6ee02fa36, the error message is: Remote host closed connection during handshake.
	at com.ibm.ws.cloudoe.management.client.connector.BaseRestHandler.validateRequestToken(BaseRestHandler.java:110)
	at com.ibm.ws.cloudoe.management.client.connector.handler.PostMBeanInvocationRestHandler.handle(PostMBeanInvocationRestHandler.java:58)
	at com.ibm.ws.cloudoe.management.client.connector.internal.RestHandlerContainerImpl.handle(RestHandlerContainerImpl.java:48)
	at com.ibm.ws.cloudoe.management.client.connector.LibertyManagementClientServlet.doPost(LibertyManagementClientServlet.java:49)
	at javax.servlet.http.HttpServlet.service(HttpServlet.java:707)
	at javax.servlet.http.HttpServlet.service(HttpServlet.java:790)
	at com.ibm.ws.webcontainer.servlet.ServletWrapper.service(ServletWrapper.java:1290)
	at com.ibm.ws.webcontainer.servlet.ServletWrapper.handleRequest(ServletWrapper.java:778)
	at com.ibm.ws.webcontainer.servlet.ServletWrapper.handleRequest(ServletWrapper.java:475)
	at com.ibm.ws.webcontainer.filter.WebAppFilterChain.invokeTarget(WebAppFilterChain.java:148)
	at com.ibm.ws.webcontainer.filter.WebAppFilterChain.doFilter(WebAppFilterChain.java:94)
	at com.ibm.ws.app.manager.wab.internal.OsgiDirectoryProtectionFilter.doFilter(OsgiDirectoryProtectionFilter.java:101)
	at com.ibm.ws.webcontainer.filter.FilterInstanceWrapper.doFilter(FilterInstanceWrapper.java:207)
	at com.ibm.ws.webcontainer.filter.WebAppFilterChain.doFilter(WebAppFilterChain.java:91)
	at com.ibm.ws.webcontainer.filter.WebAppFilterManager.doFilter(WebAppFilterManager.java:1021)
	at com.ibm.ws.webcontainer.filter.WebAppFilterManager.invokeFilters(WebAppFilterManager.java:1143)
	at com.ibm.ws.webcontainer.servlet.CacheServletWrapper.handleRequest(CacheServletWrapper.java:82)
	at com.ibm.ws.webcontainer.WebContainer.handleRequest(WebContainer.java:928)
	at com.ibm.ws.webcontainer.osgi.DynamicVirtualHost$2.run(DynamicVirtualHost.java:262)
	at com.ibm.ws.http.dispatcher.internal.channel.HttpDispatcherLink$TaskWrapper.run(HttpDispatcherLink.java:955)
	at com.ibm.ws.http.dispatcher.internal.channel.HttpDispatcherLink.ready(HttpDispatcherLink.java:341)
	at com.ibm.ws.http.channel.internal.inbound.HttpInboundLink.handleDiscrimination(HttpInboundLink.java:471)
	at com.ibm.ws.http.channel.internal.inbound.HttpInboundLink.handleNewRequest(HttpInboundLink.java:405)
	at com.ibm.ws.http.channel.internal.inbound.HttpInboundLink.processRequest(HttpInboundLink.java:285)
	at com.ibm.ws.http.channel.internal.inbound.HttpInboundLink.ready(HttpInboundLink.java:256)
	at com.ibm.ws.tcpchannel.internal.NewConnectionInitialReadCallback.sendToDiscriminators(NewConnectionInitialReadCallback.java:174)
	at com.ibm.ws.tcpchannel.internal.NewConnectionInitialReadCallback.complete(NewConnectionInitialReadCallback.java:83)
	at com.ibm.ws.tcpchannel.internal.WorkQueueManager.requestComplete(WorkQueueManager.java:504)
	at com.ibm.ws.tcpchannel.internal.WorkQueueManager.attemptIO(WorkQueueManager.java:574)
	at com.ibm.ws.tcpchannel.internal.WorkQueueManager.workerRun(WorkQueueManager.java:929)
	at com.ibm.ws.tcpchannel.internal.WorkQueueManager$Worker.run(WorkQueueManager.java:1018)
	at java.util.concurrent.ThreadPoolExecutor.runWorker(Unknown Source)
	at java.util.concurrent.ThreadPoolExecutor$Worker.run(Unknown Source)
	at java.lang.Thread.run(Unknown Source)
Caused by: javax.net.ssl.SSLHandshakeException: Remote host closed connection during handshake
	at com.ibm.jsse2.as.a(Unknown Source)
	at com.ibm.jsse2.as.i(Unknown Source)
	at com.ibm.jsse2.as.a(Unknown Source)
	at com.ibm.jsse2.as.startHandshake(Unknown Source)
	at org.apache.http.conn.ssl.SSLConnectionSocketFactory.createLayeredSocket(SSLConnectionSocketFactory.java:280)
	at org.apache.http.conn.ssl.SSLConnectionSocketFactory.connectSocket(SSLConnectionSocketFactory.java:265)
	at org.apache.http.impl.conn.HttpClientConnectionOperator.connect(HttpClientConnectionOperator.java:118)
	at org.apache.http.impl.conn.PoolingHttpClientConnectionManager.connect(PoolingHttpClientConnectionManager.java:314)
	at org.apache.http.impl.execchain.MainClientExec.establishRoute(MainClientExec.java:357)
	at org.apache.http.impl.execchain.MainClientExec.execute(MainClientExec.java:218)
	at org.apache.http.impl.execchain.ProtocolExec.execute(ProtocolExec.java:194)
	at org.apache.http.impl.execchain.RetryExec.execute(RetryExec.java:85)
	at org.apache.http.impl.execchain.RedirectExec.execute(RedirectExec.java:108)
	at org.apache.http.impl.client.InternalHttpClient.doExecute(InternalHttpClient.java:186)
	at org.apache.http.impl.client.CloseableHttpClient.execute(CloseableHttpClient.java:82)
	at org.apache.http.impl.client.CloseableHttpClient.execute(CloseableHttpClient.java:106)
	at com.ibm.ws.cloudoe.management.client.connector.BaseRestHandler.validateRequestToken(BaseRestHandler.java:98)
	... 33 more
Caused by: java.io.EOFException: SSL peer shut down incorrectly
	at com.ibm.jsse2.a.a(Unknown Source)
	... 50 more

[1/18/18 6:22:11:371 UTC] 00018b1a m.ibm.ws.cloudoe.management.client.connector.BaseRestHandler E CWSCX0154E: An internal exception occurred during validate token 3bb93557-7a01-4aa2-b057-a1886ea4f7e1, the error message is: Remote host closed connection during handshake.
[1/18/18 6:22:11:372 UTC] 00018b1a ment.client.connector.handler.PostMBeanInvocationRestHandler E CWSCX0150E: An internal exception occurred during handle request URL /IBMMGMTRest/rest/mbeans/trace-LibertyTrace/operations/getTraceSpecification, the error message is: CWSCX0154E: An internal exception occurred during validate token 3bb93557-7a01-4aa2-b057-a1886ea4f7e1, the error message is: Remote host closed connection during handshake..
com.ibm.ws.cloudoe.management.client.connector.TokenValidationException: CWSCX0154E: An internal exception occurred during validate token 3bb93557-7a01-4aa2-b057-a1886ea4f7e1, the error message is: Remote host closed connection during handshake.
	at com.ibm.ws.cloudoe.management.client.connector.BaseRestHandler.validateRequestToken(BaseRestHandler.java:110)
	at com.ibm.ws.cloudoe.management.client.connector.handler.PostMBeanInvocationRestHandler.handle(PostMBeanInvocationRestHandler.java:58)
	at com.ibm.ws.cloudoe.management.client.connector.internal.RestHandlerContainerImpl.handle(RestHandlerContainerImpl.java:48)
	at com.ibm.ws.cloudoe.management.client.connector.LibertyManagementClientServlet.doPost(LibertyManagementClientServlet.java:49)
	at javax.servlet.http.HttpServlet.service(HttpServlet.java:707)
	at javax.servlet.http.HttpServlet.service(HttpServlet.java:790)
	at com.ibm.ws.webcontainer.servlet.ServletWrapper.service(ServletWrapper.java:1290)
	at com.ibm.ws.webcontainer.servlet.ServletWrapper.handleRequest(ServletWrapper.java:778)
	at com.ibm.ws.webcontainer.servlet.ServletWrapper.handleRequest(ServletWrapper.java:475)
	at com.ibm.ws.webcontainer.filter.WebAppFilterChain.invokeTarget(WebAppFilterChain.java:148)
	at com.ibm.ws.webcontainer.filter.WebAppFilterChain.doFilter(WebAppFilterChain.java:94)
	at com.ibm.ws.app.manager.wab.internal.OsgiDirectoryProtectionFilter.doFilter(OsgiDirectoryProtectionFilter.java:101)
	at com.ibm.ws.webcontainer.filter.FilterInstanceWrapper.doFilter(FilterInstanceWrapper.java:207)
	at com.ibm.ws.webcontainer.filter.WebAppFilterChain.doFilter(WebAppFilterChain.java:91)
	at com.ibm.ws.webcontainer.filter.WebAppFilterManager.doFilter(WebAppFilterManager.java:1021)
	at com.ibm.ws.webcontainer.filter.WebAppFilterManager.invokeFilters(WebAppFilterManager.java:1143)
	at com.ibm.ws.webcontainer.servlet.CacheServletWrapper.handleRequest(CacheServletWrapper.java:82)
	at com.ibm.ws.webcontainer.WebContainer.handleRequest(WebContainer.java:928)
	at com.ibm.ws.webcontainer.osgi.DynamicVirtualHost$2.run(DynamicVirtualHost.java:262)
	at com.ibm.ws.http.dispatcher.internal.channel.HttpDispatcherLink$TaskWrapper.run(HttpDispatcherLink.java:955)
	at com.ibm.ws.http.dispatcher.internal.channel.HttpDispatcherLink.ready(HttpDispatcherLink.java:341)
	at com.ibm.ws.http.channel.internal.inbound.HttpInboundLink.handleDiscrimination(HttpInboundLink.java:471)
	at com.ibm.ws.http.channel.internal.inbound.HttpInboundLink.handleNewRequest(HttpInboundLink.java:405)
	at com.ibm.ws.http.channel.internal.inbound.HttpInboundLink.processRequest(HttpInboundLink.java:285)
	at com.ibm.ws.http.channel.internal.inbound.HttpInboundLink.ready(HttpInboundLink.java:256)
	at com.ibm.ws.tcpchannel.internal.NewConnectionInitialReadCallback.sendToDiscriminators(NewConnectionInitialReadCallback.java:174)
	at com.ibm.ws.tcpchannel.internal.NewConnectionInitialReadCallback.complete(NewConnectionInitialReadCallback.java:83)
	at com.ibm.ws.tcpchannel.internal.WorkQueueManager.requestComplete(WorkQueueManager.java:504)
	at com.ibm.ws.tcpchannel.internal.WorkQueueManager.attemptIO(WorkQueueManager.java:574)
	at com.ibm.ws.tcpchannel.internal.WorkQueueManager.workerRun(WorkQueueManager.java:929)
	at com.ibm.ws.tcpchannel.internal.WorkQueueManager$Worker.run(WorkQueueManager.java:1018)
	at java.util.concurrent.ThreadPoolExecutor.runWorker(Unknown Source)
	at java.util.concurrent.ThreadPoolExecutor$Worker.run(Unknown Source)
	at java.lang.Thread.run(Unknown Source)
Caused by: javax.net.ssl.SSLHandshakeException: Remote host closed connection during handshake
	at com.ibm.jsse2.as.a(Unknown Source)
	at com.ibm.jsse2.as.i(Unknown Source)
	at com.ibm.jsse2.as.a(Unknown Source)
	at com.ibm.jsse2.as.startHandshake(Unknown Source)
	at org.apache.http.conn.ssl.SSLConnectionSocketFactory.createLayeredSocket(SSLConnectionSocketFactory.java:280)
	at org.apache.http.conn.ssl.SSLConnectionSocketFactory.connectSocket(SSLConnectionSocketFactory.java:265)
	at org.apache.http.impl.conn.HttpClientConnectionOperator.connect(HttpClientConnectionOperator.java:118)
	at org.apache.http.impl.conn.PoolingHttpClientConnectionManager.connect(PoolingHttpClientConnectionManager.java:314)
	at org.apache.http.impl.execchain.MainClientExec.establishRoute(MainClientExec.java:357)
	at org.apache.http.impl.execchain.MainClientExec.execute(MainClientExec.java:218)
	at org.apache.http.impl.execchain.ProtocolExec.execute(ProtocolExec.java:194)
	at org.apache.http.impl.execchain.RetryExec.execute(RetryExec.java:85)
	at org.apache.http.impl.execchain.RedirectExec.execute(RedirectExec.java:108)
	at org.apache.http.impl.client.InternalHttpClient.doExecute(InternalHttpClient.java:186)
	at org.apache.http.impl.client.CloseableHttpClient.execute(CloseableHttpClient.java:82)
	at org.apache.http.impl.client.CloseableHttpClient.execute(CloseableHttpClient.java:106)
	at com.ibm.ws.cloudoe.management.client.connector.BaseRestHandler.validateRequestToken(BaseRestHandler.java:98)
	... 33 more
Caused by: java.io.EOFException: SSL peer shut down incorrectly
	at com.ibm.jsse2.a.a(Unknown Source)
	... 50 more

[1/18/18 6:26:09:894 UTC] 00018b44 m.ibm.ws.cloudoe.management.client.connector.BaseRestHandler E CWSCX0154E: An internal exception occurred during validate token 90817b1e-4bad-4209-a077-04f079c90c7f, the error message is: Remote host closed connection during handshake.
[1/18/18 6:26:09:895 UTC] 00018b44 ment.client.connector.handler.PostMBeanInvocationRestHandler E CWSCX0150E: An internal exception occurred during handle request URL /IBMMGMTRest/rest/mbeans/trace-LibertyTrace/operations/getTraceSpecification, the error message is: CWSCX0154E: An internal exception occurred during validate token 90817b1e-4bad-4209-a077-04f079c90c7f, the error message is: Remote host closed connection during handshake..
com.ibm.ws.cloudoe.management.client.connector.TokenValidationException: CWSCX0154E: An internal exception occurred during validate token 90817b1e-4bad-4209-a077-04f079c90c7f, the error message is: Remote host closed connection during handshake.
	at com.ibm.ws.cloudoe.management.client.connector.BaseRestHandler.validateRequestToken(BaseRestHandler.java:110)
	at com.ibm.ws.cloudoe.management.client.connector.handler.PostMBeanInvocationRestHandler.handle(PostMBeanInvocationRestHandler.java:58)
	at com.ibm.ws.cloudoe.management.client.connector.internal.RestHandlerContainerImpl.handle(RestHandlerContainerImpl.java:48)
	at com.ibm.ws.cloudoe.management.client.connector.LibertyManagementClientServlet.doPost(LibertyManagementClientServlet.java:49)
	at javax.servlet.http.HttpServlet.service(HttpServlet.java:707)
	at javax.servlet.http.HttpServlet.service(HttpServlet.java:790)
	at com.ibm.ws.webcontainer.servlet.ServletWrapper.service(ServletWrapper.java:1290)
	at com.ibm.ws.webcontainer.servlet.ServletWrapper.handleRequest(ServletWrapper.java:778)
	at com.ibm.ws.webcontainer.servlet.ServletWrapper.handleRequest(ServletWrapper.java:475)
	at com.ibm.ws.webcontainer.filter.WebAppFilterChain.invokeTarget(WebAppFilterChain.java:148)
	at com.ibm.ws.webcontainer.filter.WebAppFilterChain.doFilter(WebAppFilterChain.java:94)
	at com.ibm.ws.app.manager.wab.internal.OsgiDirectoryProtectionFilter.doFilter(OsgiDirectoryProtectionFilter.java:101)
	at com.ibm.ws.webcontainer.filter.FilterInstanceWrapper.doFilter(FilterInstanceWrapper.java:207)
	at com.ibm.ws.webcontainer.filter.WebAppFilterChain.doFilter(WebAppFilterChain.java:91)
	at com.ibm.ws.webcontainer.filter.WebAppFilterManager.doFilter(WebAppFilterManager.java:1021)
	at com.ibm.ws.webcontainer.filter.WebAppFilterManager.invokeFilters(WebAppFilterManager.java:1143)
	at com.ibm.ws.webcontainer.servlet.CacheServletWrapper.handleRequest(CacheServletWrapper.java:82)
	at com.ibm.ws.webcontainer.WebContainer.handleRequest(WebContainer.java:928)
	at com.ibm.ws.webcontainer.osgi.DynamicVirtualHost$2.run(DynamicVirtualHost.java:262)
	at com.ibm.ws.http.dispatcher.internal.channel.HttpDispatcherLink$TaskWrapper.run(HttpDispatcherLink.java:955)
	at com.ibm.ws.http.dispatcher.internal.channel.HttpDispatcherLink.ready(HttpDispatcherLink.java:341)
	at com.ibm.ws.http.channel.internal.inbound.HttpInboundLink.handleDiscrimination(HttpInboundLink.java:471)
	at com.ibm.ws.http.channel.internal.inbound.HttpInboundLink.handleNewRequest(HttpInboundLink.java:405)
	at com.ibm.ws.http.channel.internal.inbound.HttpInboundLink.processRequest(HttpInboundLink.java:285)
	at com.ibm.ws.http.channel.internal.inbound.HttpInboundLink.ready(HttpInboundLink.java:256)
	at com.ibm.ws.tcpchannel.internal.NewConnectionInitialReadCallback.sendToDiscriminators(NewConnectionInitialReadCallback.java:174)
	at com.ibm.ws.tcpchannel.internal.NewConnectionInitialReadCallback.complete(NewConnectionInitialReadCallback.java:83)
	at com.ibm.ws.tcpchannel.internal.WorkQueueManager.requestComplete(WorkQueueManager.java:504)
	at com.ibm.ws.tcpchannel.internal.WorkQueueManager.attemptIO(WorkQueueManager.java:574)
	at com.ibm.ws.tcpchannel.internal.WorkQueueManager.workerRun(WorkQueueManager.java:929)
	at com.ibm.ws.tcpchannel.internal.WorkQueueManager$Worker.run(WorkQueueManager.java:1018)
	at java.util.concurrent.ThreadPoolExecutor.runWorker(Unknown Source)
	at java.util.concurrent.ThreadPoolExecutor$Worker.run(Unknown Source)
	at java.lang.Thread.run(Unknown Source)
Caused by: javax.net.ssl.SSLHandshakeException: Remote host closed connection during handshake
	at com.ibm.jsse2.as.a(Unknown Source)
	at com.ibm.jsse2.as.i(Unknown Source)
	at com.ibm.jsse2.as.a(Unknown Source)
	at com.ibm.jsse2.as.startHandshake(Unknown Source)
	at org.apache.http.conn.ssl.SSLConnectionSocketFactory.createLayeredSocket(SSLConnectionSocketFactory.java:280)
	at org.apache.http.conn.ssl.SSLConnectionSocketFactory.connectSocket(SSLConnectionSocketFactory.java:265)
	at org.apache.http.impl.conn.HttpClientConnectionOperator.connect(HttpClientConnectionOperator.java:118)
	at org.apache.http.impl.conn.PoolingHttpClientConnectionManager.connect(PoolingHttpClientConnectionManager.java:314)
	at org.apache.http.impl.execchain.MainClientExec.establishRoute(MainClientExec.java:357)
	at org.apache.http.impl.execchain.MainClientExec.execute(MainClientExec.java:218)
	at org.apache.http.impl.execchain.ProtocolExec.execute(ProtocolExec.java:194)
	at org.apache.http.impl.execchain.RetryExec.execute(RetryExec.java:85)
	at org.apache.http.impl.execchain.RedirectExec.execute(RedirectExec.java:108)
	at org.apache.http.impl.client.InternalHttpClient.doExecute(InternalHttpClient.java:186)
	at org.apache.http.impl.client.CloseableHttpClient.execute(CloseableHttpClient.java:82)
	at org.apache.http.impl.client.CloseableHttpClient.execute(CloseableHttpClient.java:106)
	at com.ibm.ws.cloudoe.management.client.connector.BaseRestHandler.validateRequestToken(BaseRestHandler.java:98)
	... 33 more
Caused by: java.io.EOFException: SSL peer shut down incorrectly
	at com.ibm.jsse2.a.a(Unknown Source)
	... 50 more

